This file contains any messages produced by compilers while
running configure, to aid debugging if configure makes a mistake.

It was created by FULL-PACKAGE-NAME configure VERSION, which was
generated by GNU Autoconf 2.69.  Invocation command line was

  $ ./configure 

## --------- ##
## Platform. ##
## --------- ##

hostname = flag4
uname -m = x86_64
uname -r = 2.6.32-504.16.2.el6.x86_64
uname -s = Linux
uname -v = #1 SMP Tue Mar 10 17:01:00 EDT 2015

/usr/bin/uname -p = unknown
/bin/uname -X     = unknown

/bin/arch              = x86_64
/usr/bin/arch -k       = unknown
/usr/convex/getsysinfo = unknown
/usr/bin/hostinfo      = unknown
/bin/machine           = unknown
/usr/bin/oslevel       = unknown
/bin/universe          = unknown

PATH: /usr/local/cuda-7.0/bin
PATH: /usr/lib64/qt-3.3/bin
PATH: /usr/local/cuda-7.0/bin
PATH: /usr/local/bin
PATH: /bin
PATH: /usr/bin
PATH: /usr/local/sbin
PATH: /usr/sbin
PATH: /sbin
PATH: /home/rablack/bin


## ----------- ##
## Core tests. ##
## ----------- ##

configure:2572: checking for a BSD-compatible install
configure:2640: result: /usr/bin/install -c
configure:2651: checking whether build environment is sane
configure:2701: result: yes
configure:2842: checking for a thread-safe mkdir -p
configure:2881: result: /bin/mkdir -p
configure:2894: checking for gawk
configure:2910: found /bin/gawk
configure:2921: result: gawk
configure:2932: checking whether make sets $(MAKE)
configure:2954: result: yes
configure:3063: checking build system type
configure:3077: result: x86_64-unknown-linux-gnu
configure:3097: checking host system type
configure:3110: result: x86_64-unknown-linux-gnu
configure:3142: checking for style of include used by make
configure:3170: result: GNU
configure:3240: checking for gcc
configure:3256: found /usr/bin/gcc
configure:3267: result: gcc
configure:3496: checking for C compiler version
configure:3505: gcc --version >&5
gcc (GCC) 4.4.7 20120313 (Red Hat 4.4.7-11)
Copyright (C) 2010 Free Software Foundation, Inc.
This is free software; see the source for copying conditions.  There is NO
warranty; not even for MERCHANTABILITY or FITNESS FOR A PARTICULAR PURPOSE.

configure:3516: $? = 0
configure:3505: gcc -v >&5
Using built-in specs.
Target: x86_64-redhat-linux
Configured with: ../configure --prefix=/usr --mandir=/usr/share/man --infodir=/usr/share/info --with-bugurl=http://bugzilla.redhat.com/bugzilla --enable-bootstrap --enable-shared --enable-threads=posix --enable-checking=release --with-system-zlib --enable-__cxa_atexit --disable-libunwind-exceptions --enable-gnu-unique-object --enable-languages=c,c++,objc,obj-c++,java,fortran,ada --enable-java-awt=gtk --disable-dssi --with-java-home=/usr/lib/jvm/java-1.5.0-gcj-1.5.0.0/jre --enable-libgcj-multifile --enable-java-maintainer-mode --with-ecj-jar=/usr/share/java/eclipse-ecj.jar --disable-libjava-multilib --with-ppl --with-cloog --with-tune=generic --with-arch_32=i686 --build=x86_64-redhat-linux
Thread model: posix
gcc version 4.4.7 20120313 (Red Hat 4.4.7-11) (GCC) 
configure:3516: $? = 0
configure:3505: gcc -V >&5
gcc: '-V' option must have argument
configure:3516: $? = 1
configure:3505: gcc -qversion >&5
gcc: unrecognized option '-qversion'
gcc: no input files
configure:3516: $? = 1
configure:3536: checking whether the C compiler works
configure:3558: gcc    conftest.c  >&5
configure:3562: $? = 0
configure:3610: result: yes
configure:3613: checking for C compiler default output file name
configure:3615: result: a.out
configure:3621: checking for suffix of executables
configure:3628: gcc -o conftest    conftest.c  >&5
configure:3632: $? = 0
configure:3654: result: 
configure:3676: checking whether we are cross compiling
configure:3684: gcc -o conftest    conftest.c  >&5
configure:3688: $? = 0
configure:3695: ./conftest
configure:3699: $? = 0
configure:3714: result: no
configure:3719: checking for suffix of object files
configure:3741: gcc -c   conftest.c >&5
configure:3745: $? = 0
configure:3766: result: o
configure:3770: checking whether we are using the GNU C compiler
configure:3789: gcc -c   conftest.c >&5
configure:3789: $? = 0
configure:3798: result: yes
configure:3807: checking whether gcc accepts -g
configure:3827: gcc -c -g  conftest.c >&5
configure:3827: $? = 0
configure:3868: result: yes
configure:3885: checking for gcc option to accept ISO C89
configure:3948: gcc  -c -g -O2  conftest.c >&5
configure:3948: $? = 0
configure:3961: result: none needed
configure:3983: checking dependency style of gcc
configure:4093: result: gcc3
configure:4108: checking for a sed that does not truncate output
configure:4172: result: /bin/sed
configure:4190: checking for grep that handles long lines and -e
configure:4248: result: /bin/grep
configure:4253: checking for egrep
configure:4315: result: /bin/grep -E
configure:4320: checking for fgrep
configure:4382: result: /bin/grep -F
configure:4417: checking for ld used by gcc
configure:4484: result: /usr/bin/ld
configure:4491: checking if the linker (/usr/bin/ld) is GNU ld
configure:4506: result: yes
configure:4518: checking for BSD- or MS-compatible name lister (nm)
configure:4567: result: /usr/bin/nm -B
configure:4685: checking the name lister (/usr/bin/nm -B) interface
configure:4692: gcc -c -g -O2  conftest.c >&5
configure:4695: /usr/bin/nm -B "conftest.o"
configure:4698: output
0000000000000000 B some_variable
configure:4705: result: BSD nm
configure:4708: checking whether ln -s works
configure:4712: result: yes
configure:4720: checking the maximum length of command line arguments
configure:4840: result: 1966080
configure:4857: checking whether the shell understands some XSI constructs
configure:4867: result: yes
configure:4871: checking whether the shell understands "+="
configure:4877: result: yes
configure:4912: checking for /usr/bin/ld option to reload object files
configure:4919: result: -r
configure:4988: checking for objdump
configure:5004: found /usr/bin/objdump
configure:5015: result: objdump
configure:5047: checking how to recognize dependent libraries
configure:5243: result: pass_all
configure:5303: checking for ar
configure:5319: found /usr/bin/ar
configure:5330: result: ar
configure:5408: checking for strip
configure:5424: found /usr/bin/strip
configure:5435: result: strip
configure:5507: checking for ranlib
configure:5523: found /usr/bin/ranlib
configure:5534: result: ranlib
configure:5624: checking command to parse /usr/bin/nm -B output from gcc object
configure:5742: gcc -c -g -O2  conftest.c >&5
configure:5745: $? = 0
configure:5749: /usr/bin/nm -B conftest.o \| sed -n -e 's/^.*[	 ]\([ABCDGIRSTW][ABCDGIRSTW]*\)[	 ][	 ]*\([_A-Za-z][_A-Za-z0-9]*\)$/\1 \2 \2/p' \> conftest.nm
configure:5752: $? = 0
configure:5806: gcc -o conftest -g -O2   conftest.c conftstm.o >&5
configure:5809: $? = 0
configure:5847: result: ok
configure:5943: gcc -c -g -O2  conftest.c >&5
configure:5946: $? = 0
configure:6656: checking how to run the C preprocessor
configure:6687: gcc -E  conftest.c
configure:6687: $? = 0
configure:6701: gcc -E  conftest.c
conftest.c:11:28: error: ac_nonexistent.h: No such file or directory
configure:6701: $? = 1
configure: failed program was:
| /* confdefs.h */
| #define PACKAGE_NAME "FULL-PACKAGE-NAME"
| #define PACKAGE_TARNAME "full-package-name"
| #define PACKAGE_VERSION "VERSION"
| #define PACKAGE_STRING "FULL-PACKAGE-NAME VERSION"
| #define PACKAGE_BUGREPORT "BUG-REPORT-ADDRESS"
| #define PACKAGE_URL ""
| #define PACKAGE "full-package-name"
| #define VERSION "VERSION"
| /* end confdefs.h.  */
| #include <ac_nonexistent.h>
configure:6726: result: gcc -E
configure:6746: gcc -E  conftest.c
configure:6746: $? = 0
configure:6760: gcc -E  conftest.c
conftest.c:11:28: error: ac_nonexistent.h: No such file or directory
configure:6760: $? = 1
configure: failed program was:
| /* confdefs.h */
| #define PACKAGE_NAME "FULL-PACKAGE-NAME"
| #define PACKAGE_TARNAME "full-package-name"
| #define PACKAGE_VERSION "VERSION"
| #define PACKAGE_STRING "FULL-PACKAGE-NAME VERSION"
| #define PACKAGE_BUGREPORT "BUG-REPORT-ADDRESS"
| #define PACKAGE_URL ""
| #define PACKAGE "full-package-name"
| #define VERSION "VERSION"
| /* end confdefs.h.  */
| #include <ac_nonexistent.h>
configure:6789: checking for ANSI C header files
configure:6809: gcc -c -g -O2  conftest.c >&5
configure:6809: $? = 0
configure:6882: gcc -o conftest -g -O2   conftest.c  >&5
configure:6882: $? = 0
configure:6882: ./conftest
configure:6882: $? = 0
configure:6893: result: yes
configure:6906: checking for sys/types.h
configure:6906: gcc -c -g -O2  conftest.c >&5
configure:6906: $? = 0
configure:6906: result: yes
configure:6906: checking for sys/stat.h
configure:6906: gcc -c -g -O2  conftest.c >&5
configure:6906: $? = 0
configure:6906: result: yes
configure:6906: checking for stdlib.h
configure:6906: gcc -c -g -O2  conftest.c >&5
configure:6906: $? = 0
configure:6906: result: yes
configure:6906: checking for string.h
configure:6906: gcc -c -g -O2  conftest.c >&5
configure:6906: $? = 0
configure:6906: result: yes
configure:6906: checking for memory.h
configure:6906: gcc -c -g -O2  conftest.c >&5
configure:6906: $? = 0
configure:6906: result: yes
configure:6906: checking for strings.h
configure:6906: gcc -c -g -O2  conftest.c >&5
configure:6906: $? = 0
configure:6906: result: yes
configure:6906: checking for inttypes.h
configure:6906: gcc -c -g -O2  conftest.c >&5
configure:6906: $? = 0
configure:6906: result: yes
configure:6906: checking for stdint.h
configure:6906: gcc -c -g -O2  conftest.c >&5
configure:6906: $? = 0
configure:6906: result: yes
configure:6906: checking for unistd.h
configure:6906: gcc -c -g -O2  conftest.c >&5
configure:6906: $? = 0
configure:6906: result: yes
configure:6920: checking for dlfcn.h
configure:6920: gcc -c -g -O2  conftest.c >&5
configure:6920: $? = 0
configure:6920: result: yes
configure:7104: checking for objdir
configure:7119: result: .libs
configure:7415: checking if gcc supports -fno-rtti -fno-exceptions
configure:7433: gcc -c -g -O2  -fno-rtti -fno-exceptions conftest.c >&5
cc1: warning: command line option "-fno-rtti" is valid for C++/ObjC++ but not for C
configure:7437: $? = 0
configure:7450: result: no
configure:7470: checking for gcc option to produce PIC
configure:7742: result: -fPIC -DPIC
configure:7754: checking if gcc PIC flag -fPIC -DPIC works
configure:7772: gcc -c -g -O2  -fPIC -DPIC -DPIC conftest.c >&5
configure:7776: $? = 0
configure:7789: result: yes
configure:7813: checking if gcc static flag -static works
configure:7841: result: no
configure:7856: checking if gcc supports -c -o file.o
configure:7877: gcc -c -g -O2  -o out/conftest2.o conftest.c >&5
configure:7881: $? = 0
configure:7903: result: yes
configure:7911: checking if gcc supports -c -o file.o
configure:7958: result: yes
configure:7991: checking whether the gcc linker (/usr/bin/ld -m elf_x86_64) supports shared libraries
configure:8977: result: yes
configure:9014: checking whether -lc should be explicitly linked in
configure:9019: gcc -c -g -O2  conftest.c >&5
configure:9022: $? = 0
configure:9037: gcc -shared conftest.o  -v -Wl,-soname -Wl,conftest -o conftest 2\>\&1 \| /bin/grep  -lc  \>/dev/null 2\>\&1
configure:9040: $? = 0
configure:9052: result: no
configure:9216: checking dynamic linker characteristics
configure:9649: gcc -o conftest -g -O2   -Wl,-rpath -Wl,/foo conftest.c  >&5
configure:9649: $? = 0
configure:9870: result: GNU/Linux ld.so
configure:9972: checking how to hardcode library paths into programs
configure:9997: result: immediate
configure:10517: checking whether stripping libraries is possible
configure:10522: result: yes
configure:10557: checking if libtool supports shared libraries
configure:10559: result: yes
configure:10562: checking whether to build shared libraries
configure:10583: result: yes
configure:10586: checking whether to build static libraries
configure:10590: result: yes
configure:10702: checking for gcc
configure:10729: result: gcc
configure:10958: checking for C compiler version
configure:10967: gcc --version >&5
gcc (GCC) 4.4.7 20120313 (Red Hat 4.4.7-11)
Copyright (C) 2010 Free Software Foundation, Inc.
This is free software; see the source for copying conditions.  There is NO
warranty; not even for MERCHANTABILITY or FITNESS FOR A PARTICULAR PURPOSE.

configure:10978: $? = 0
configure:10967: gcc -v >&5
Using built-in specs.
Target: x86_64-redhat-linux
Configured with: ../configure --prefix=/usr --mandir=/usr/share/man --infodir=/usr/share/info --with-bugurl=http://bugzilla.redhat.com/bugzilla --enable-bootstrap --enable-shared --enable-threads=posix --enable-checking=release --with-system-zlib --enable-__cxa_atexit --disable-libunwind-exceptions --enable-gnu-unique-object --enable-languages=c,c++,objc,obj-c++,java,fortran,ada --enable-java-awt=gtk --disable-dssi --with-java-home=/usr/lib/jvm/java-1.5.0-gcj-1.5.0.0/jre --enable-libgcj-multifile --enable-java-maintainer-mode --with-ecj-jar=/usr/share/java/eclipse-ecj.jar --disable-libjava-multilib --with-ppl --with-cloog --with-tune=generic --with-arch_32=i686 --build=x86_64-redhat-linux
Thread model: posix
gcc version 4.4.7 20120313 (Red Hat 4.4.7-11) (GCC) 
configure:10978: $? = 0
configure:10967: gcc -V >&5
gcc: '-V' option must have argument
configure:10978: $? = 1
configure:10967: gcc -qversion >&5
gcc: unrecognized option '-qversion'
gcc: no input files
configure:10978: $? = 1
configure:10982: checking whether we are using the GNU C compiler
configure:11010: result: yes
configure:11019: checking whether gcc accepts -g
configure:11080: result: yes
configure:11097: checking for gcc option to accept ISO C89
configure:11173: result: none needed
configure:11195: checking dependency style of gcc
configure:11305: result: gcc3
configure:11333: checking for hashpipe_databuf_create in -lhashpipe
configure:11358: gcc -o conftest -g -O2   -L/usr/local/lib conftest.c -lhashpipe   >&5
configure:11358: $? = 0
configure:11367: result: yes
configure:11427: checking for /usr/local/include/hashpipe.h
configure:11441: result: yes
configure:11490: checking for xgpuInit in -lxgpu
configure:11515: gcc -o conftest -g -O2   -L/usr/local/lib conftest.c -lxgpu   >&5
configure:11515: $? = 0
configure:11524: result: yes
configure:11584: checking for /usr/local/include/xgpu.h
configure:11598: result: yes
configure:11636: checking for /usr/local/bin/xgpuinfo
configure:11650: result: yes
configure:11707: checking for pthread_create in -lpthread
configure:11732: gcc -o conftest -g -O2   conftest.c -lpthread   >&5
configure:11732: $? = 0
configure:11741: result: yes
configure:11752: checking for clock_gettime in -lrt
configure:11777: gcc -o conftest -g -O2   conftest.c -lrt  -lpthread  >&5
configure:11777: $? = 0
configure:11786: result: yes
configure:11797: checking for crc32 in -lz
configure:11822: gcc -o conftest -g -O2   conftest.c -lz  -lrt -lpthread  >&5
configure:11822: $? = 0
configure:11831: result: yes
configure:11847: checking netdb.h usability
configure:11847: gcc -c -g -O2  conftest.c >&5
configure:11847: $? = 0
configure:11847: result: yes
configure:11847: checking netdb.h presence
configure:11847: gcc -E  conftest.c
configure:11847: $? = 0
configure:11847: result: yes
configure:11847: checking for netdb.h
configure:11847: result: yes
configure:11847: checking for stdint.h
configure:11847: result: yes
configure:11847: checking for stdlib.h
configure:11847: result: yes
configure:11847: checking for string.h
configure:11847: result: yes
configure:11847: checking sys/socket.h usability
configure:11847: gcc -c -g -O2  conftest.c >&5
configure:11847: $? = 0
configure:11847: result: yes
configure:11847: checking sys/socket.h presence
configure:11847: gcc -E  conftest.c
configure:11847: $? = 0
configure:11847: result: yes
configure:11847: checking for sys/socket.h
configure:11847: result: yes
configure:11847: checking sys/time.h usability
configure:11847: gcc -c -g -O2  conftest.c >&5
configure:11847: $? = 0
configure:11847: result: yes
configure:11847: checking sys/time.h presence
configure:11847: gcc -E  conftest.c
configure:11847: $? = 0
configure:11847: result: yes
configure:11847: checking for sys/time.h
configure:11847: result: yes
configure:11847: checking for unistd.h
configure:11847: result: yes
configure:11847: checking zlib.h usability
configure:11847: gcc -c -g -O2  conftest.c >&5
configure:11847: $? = 0
configure:11847: result: yes
configure:11847: checking zlib.h presence
configure:11847: gcc -E  conftest.c
configure:11847: $? = 0
configure:11847: result: yes
configure:11847: checking for zlib.h
configure:11847: result: yes
configure:11859: checking for inline
configure:11875: gcc -c -g -O2  conftest.c >&5
configure:11875: $? = 0
configure:11883: result: inline
configure:11901: checking for int32_t
configure:11901: gcc -c -g -O2  conftest.c >&5
configure:11901: $? = 0
configure:11901: gcc -c -g -O2  conftest.c >&5
conftest.c: In function 'main':
conftest.c:75: warning: integer overflow in expression
conftest.c:75: error: size of array 'test_array' is negative
configure:11901: $? = 1
configure: failed program was:
| /* confdefs.h */
| #define PACKAGE_NAME "FULL-PACKAGE-NAME"
| #define PACKAGE_TARNAME "full-package-name"
| #define PACKAGE_VERSION "VERSION"
| #define PACKAGE_STRING "FULL-PACKAGE-NAME VERSION"
| #define PACKAGE_BUGREPORT "BUG-REPORT-ADDRESS"
| #define PACKAGE_URL ""
| #define PACKAGE "full-package-name"
| #define VERSION "VERSION"
| #define STDC_HEADERS 1
| #define HAVE_SYS_TYPES_H 1
| #define HAVE_SYS_STAT_H 1
| #define HAVE_STDLIB_H 1
| #define HAVE_STRING_H 1
| #define HAVE_MEMORY_H 1
| #define HAVE_STRINGS_H 1
| #define HAVE_INTTYPES_H 1
| #define HAVE_STDINT_H 1
| #define HAVE_UNISTD_H 1
| #define HAVE_DLFCN_H 1
| #define LT_OBJDIR ".libs/"
| #define XGPU_NSTATION 96
| #define XGPU_NFREQUENCY 160
| #define XGPU_NTIME 100
| #define HAVE_LIBPTHREAD 1
| #define HAVE_LIBRT 1
| #define HAVE_LIBZ 1
| #define HAVE_NETDB_H 1
| #define HAVE_STDINT_H 1
| #define HAVE_STDLIB_H 1
| #define HAVE_STRING_H 1
| #define HAVE_SYS_SOCKET_H 1
| #define HAVE_SYS_TIME_H 1
| #define HAVE_UNISTD_H 1
| #define HAVE_ZLIB_H 1
| /* end confdefs.h.  */
| #include <stdio.h>
| #ifdef HAVE_SYS_TYPES_H
| # include <sys/types.h>
| #endif
| #ifdef HAVE_SYS_STAT_H
| # include <sys/stat.h>
| #endif
| #ifdef STDC_HEADERS
| # include <stdlib.h>
| # include <stddef.h>
| #else
| # ifdef HAVE_STDLIB_H
| #  include <stdlib.h>
| # endif
| #endif
| #ifdef HAVE_STRING_H
| # if !defined STDC_HEADERS && defined HAVE_MEMORY_H
| #  include <memory.h>
| # endif
| # include <string.h>
| #endif
| #ifdef HAVE_STRINGS_H
| # include <strings.h>
| #endif
| #ifdef HAVE_INTTYPES_H
| # include <inttypes.h>
| #endif
| #ifdef HAVE_STDINT_H
| # include <stdint.h>
| #endif
| #ifdef HAVE_UNISTD_H
| # include <unistd.h>
| #endif
| 	        enum { N = 32 / 2 - 1 };
| int
| main ()
| {
| static int test_array [1 - 2 * !((int32_t) (((((int32_t) 1 << N) << N) - 1) * 2 + 1)
| 		 < (int32_t) (((((int32_t) 1 << N) << N) - 1) * 2 + 2))];
| test_array [0] = 0;
| return test_array [0];
| 
|   ;
|   return 0;
| }
configure:11901: result: yes
configure:11912: checking for int64_t
configure:11912: gcc -c -g -O2  conftest.c >&5
configure:11912: $? = 0
configure:11912: gcc -c -g -O2  conftest.c >&5
conftest.c: In function 'main':
conftest.c:75: warning: integer overflow in expression
conftest.c:75: error: size of array 'test_array' is negative
configure:11912: $? = 1
configure: failed program was:
| /* confdefs.h */
| #define PACKAGE_NAME "FULL-PACKAGE-NAME"
| #define PACKAGE_TARNAME "full-package-name"
| #define PACKAGE_VERSION "VERSION"
| #define PACKAGE_STRING "FULL-PACKAGE-NAME VERSION"
| #define PACKAGE_BUGREPORT "BUG-REPORT-ADDRESS"
| #define PACKAGE_URL ""
| #define PACKAGE "full-package-name"
| #define VERSION "VERSION"
| #define STDC_HEADERS 1
| #define HAVE_SYS_TYPES_H 1
| #define HAVE_SYS_STAT_H 1
| #define HAVE_STDLIB_H 1
| #define HAVE_STRING_H 1
| #define HAVE_MEMORY_H 1
| #define HAVE_STRINGS_H 1
| #define HAVE_INTTYPES_H 1
| #define HAVE_STDINT_H 1
| #define HAVE_UNISTD_H 1
| #define HAVE_DLFCN_H 1
| #define LT_OBJDIR ".libs/"
| #define XGPU_NSTATION 96
| #define XGPU_NFREQUENCY 160
| #define XGPU_NTIME 100
| #define HAVE_LIBPTHREAD 1
| #define HAVE_LIBRT 1
| #define HAVE_LIBZ 1
| #define HAVE_NETDB_H 1
| #define HAVE_STDINT_H 1
| #define HAVE_STDLIB_H 1
| #define HAVE_STRING_H 1
| #define HAVE_SYS_SOCKET_H 1
| #define HAVE_SYS_TIME_H 1
| #define HAVE_UNISTD_H 1
| #define HAVE_ZLIB_H 1
| /* end confdefs.h.  */
| #include <stdio.h>
| #ifdef HAVE_SYS_TYPES_H
| # include <sys/types.h>
| #endif
| #ifdef HAVE_SYS_STAT_H
| # include <sys/stat.h>
| #endif
| #ifdef STDC_HEADERS
| # include <stdlib.h>
| # include <stddef.h>
| #else
| # ifdef HAVE_STDLIB_H
| #  include <stdlib.h>
| # endif
| #endif
| #ifdef HAVE_STRING_H
| # if !defined STDC_HEADERS && defined HAVE_MEMORY_H
| #  include <memory.h>
| # endif
| # include <string.h>
| #endif
| #ifdef HAVE_STRINGS_H
| # include <strings.h>
| #endif
| #ifdef HAVE_INTTYPES_H
| # include <inttypes.h>
| #endif
| #ifdef HAVE_STDINT_H
| # include <stdint.h>
| #endif
| #ifdef HAVE_UNISTD_H
| # include <unistd.h>
| #endif
| 	        enum { N = 64 / 2 - 1 };
| int
| main ()
| {
| static int test_array [1 - 2 * !((int64_t) (((((int64_t) 1 << N) << N) - 1) * 2 + 1)
| 		 < (int64_t) (((((int64_t) 1 << N) << N) - 1) * 2 + 2))];
| test_array [0] = 0;
| return test_array [0];
| 
|   ;
|   return 0;
| }
configure:11912: result: yes
configure:11923: checking for off_t
configure:11923: gcc -c -g -O2  conftest.c >&5
configure:11923: $? = 0
configure:11923: gcc -c -g -O2  conftest.c >&5
conftest.c: In function 'main':
conftest.c:73: error: expected expression before ')' token
configure:11923: $? = 1
configure: failed program was:
| /* confdefs.h */
| #define PACKAGE_NAME "FULL-PACKAGE-NAME"
| #define PACKAGE_TARNAME "full-package-name"
| #define PACKAGE_VERSION "VERSION"
| #define PACKAGE_STRING "FULL-PACKAGE-NAME VERSION"
| #define PACKAGE_BUGREPORT "BUG-REPORT-ADDRESS"
| #define PACKAGE_URL ""
| #define PACKAGE "full-package-name"
| #define VERSION "VERSION"
| #define STDC_HEADERS 1
| #define HAVE_SYS_TYPES_H 1
| #define HAVE_SYS_STAT_H 1
| #define HAVE_STDLIB_H 1
| #define HAVE_STRING_H 1
| #define HAVE_MEMORY_H 1
| #define HAVE_STRINGS_H 1
| #define HAVE_INTTYPES_H 1
| #define HAVE_STDINT_H 1
| #define HAVE_UNISTD_H 1
| #define HAVE_DLFCN_H 1
| #define LT_OBJDIR ".libs/"
| #define XGPU_NSTATION 96
| #define XGPU_NFREQUENCY 160
| #define XGPU_NTIME 100
| #define HAVE_LIBPTHREAD 1
| #define HAVE_LIBRT 1
| #define HAVE_LIBZ 1
| #define HAVE_NETDB_H 1
| #define HAVE_STDINT_H 1
| #define HAVE_STDLIB_H 1
| #define HAVE_STRING_H 1
| #define HAVE_SYS_SOCKET_H 1
| #define HAVE_SYS_TIME_H 1
| #define HAVE_UNISTD_H 1
| #define HAVE_ZLIB_H 1
| /* end confdefs.h.  */
| #include <stdio.h>
| #ifdef HAVE_SYS_TYPES_H
| # include <sys/types.h>
| #endif
| #ifdef HAVE_SYS_STAT_H
| # include <sys/stat.h>
| #endif
| #ifdef STDC_HEADERS
| # include <stdlib.h>
| # include <stddef.h>
| #else
| # ifdef HAVE_STDLIB_H
| #  include <stdlib.h>
| # endif
| #endif
| #ifdef HAVE_STRING_H
| # if !defined STDC_HEADERS && defined HAVE_MEMORY_H
| #  include <memory.h>
| # endif
| # include <string.h>
| #endif
| #ifdef HAVE_STRINGS_H
| # include <strings.h>
| #endif
| #ifdef HAVE_INTTYPES_H
| # include <inttypes.h>
| #endif
| #ifdef HAVE_STDINT_H
| # include <stdint.h>
| #endif
| #ifdef HAVE_UNISTD_H
| # include <unistd.h>
| #endif
| int
| main ()
| {
| if (sizeof ((off_t)))
| 	    return 0;
|   ;
|   return 0;
| }
configure:11923: result: yes
configure:11934: checking for size_t
configure:11934: gcc -c -g -O2  conftest.c >&5
configure:11934: $? = 0
configure:11934: gcc -c -g -O2  conftest.c >&5
conftest.c: In function 'main':
conftest.c:73: error: expected expression before ')' token
configure:11934: $? = 1
configure: failed program was:
| /* confdefs.h */
| #define PACKAGE_NAME "FULL-PACKAGE-NAME"
| #define PACKAGE_TARNAME "full-package-name"
| #define PACKAGE_VERSION "VERSION"
| #define PACKAGE_STRING "FULL-PACKAGE-NAME VERSION"
| #define PACKAGE_BUGREPORT "BUG-REPORT-ADDRESS"
| #define PACKAGE_URL ""
| #define PACKAGE "full-package-name"
| #define VERSION "VERSION"
| #define STDC_HEADERS 1
| #define HAVE_SYS_TYPES_H 1
| #define HAVE_SYS_STAT_H 1
| #define HAVE_STDLIB_H 1
| #define HAVE_STRING_H 1
| #define HAVE_MEMORY_H 1
| #define HAVE_STRINGS_H 1
| #define HAVE_INTTYPES_H 1
| #define HAVE_STDINT_H 1
| #define HAVE_UNISTD_H 1
| #define HAVE_DLFCN_H 1
| #define LT_OBJDIR ".libs/"
| #define XGPU_NSTATION 96
| #define XGPU_NFREQUENCY 160
| #define XGPU_NTIME 100
| #define HAVE_LIBPTHREAD 1
| #define HAVE_LIBRT 1
| #define HAVE_LIBZ 1
| #define HAVE_NETDB_H 1
| #define HAVE_STDINT_H 1
| #define HAVE_STDLIB_H 1
| #define HAVE_STRING_H 1
| #define HAVE_SYS_SOCKET_H 1
| #define HAVE_SYS_TIME_H 1
| #define HAVE_UNISTD_H 1
| #define HAVE_ZLIB_H 1
| /* end confdefs.h.  */
| #include <stdio.h>
| #ifdef HAVE_SYS_TYPES_H
| # include <sys/types.h>
| #endif
| #ifdef HAVE_SYS_STAT_H
| # include <sys/stat.h>
| #endif
| #ifdef STDC_HEADERS
| # include <stdlib.h>
| # include <stddef.h>
| #else
| # ifdef HAVE_STDLIB_H
| #  include <stdlib.h>
| # endif
| #endif
| #ifdef HAVE_STRING_H
| # if !defined STDC_HEADERS && defined HAVE_MEMORY_H
| #  include <memory.h>
| # endif
| # include <string.h>
| #endif
| #ifdef HAVE_STRINGS_H
| # include <strings.h>
| #endif
| #ifdef HAVE_INTTYPES_H
| # include <inttypes.h>
| #endif
| #ifdef HAVE_STDINT_H
| # include <stdint.h>
| #endif
| #ifdef HAVE_UNISTD_H
| # include <unistd.h>
| #endif
| int
| main ()
| {
| if (sizeof ((size_t)))
| 	    return 0;
|   ;
|   return 0;
| }
configure:11934: result: yes
configure:11945: checking for uint32_t
configure:11945: gcc -c -g -O2  conftest.c >&5
configure:11945: $? = 0
configure:11945: result: yes
configure:11959: checking for uint64_t
configure:11959: gcc -c -g -O2  conftest.c >&5
configure:11959: $? = 0
configure:11959: result: yes
configure:11973: checking for uint8_t
configure:11973: gcc -c -g -O2  conftest.c >&5
configure:11973: $? = 0
configure:11973: result: yes
configure:11991: checking for stdlib.h
configure:11991: result: yes
configure:12001: checking for GNU libc compatible malloc
configure:12025: gcc -o conftest -g -O2   conftest.c -lz -lrt -lpthread  >&5
configure:12025: $? = 0
configure:12025: ./conftest
configure:12025: $? = 0
configure:12035: result: yes
configure:12059: checking for clock_gettime
configure:12059: gcc -o conftest -g -O2   conftest.c -lz -lrt -lpthread  >&5
configure:12059: $? = 0
configure:12059: result: yes
configure:12059: checking for memset
configure:12059: gcc -o conftest -g -O2   conftest.c -lz -lrt -lpthread  >&5
conftest.c:63: warning: conflicting types for built-in function 'memset'
configure:12059: $? = 0
configure:12059: result: yes
configure:12059: checking for socket
configure:12059: gcc -o conftest -g -O2   conftest.c -lz -lrt -lpthread  >&5
configure:12059: $? = 0
configure:12059: result: yes
configure:12059: checking for crc32
configure:12059: gcc -o conftest -g -O2   conftest.c -lz -lrt -lpthread  >&5
configure:12059: $? = 0
configure:12059: result: yes
configure:12205: creating ./config.status

## ---------------------- ##
## Running config.status. ##
## ---------------------- ##

This file was extended by FULL-PACKAGE-NAME config.status VERSION, which was
generated by GNU Autoconf 2.69.  Invocation command line was

  CONFIG_FILES    = 
  CONFIG_HEADERS  = 
  CONFIG_LINKS    = 
  CONFIG_COMMANDS = 
  $ ./config.status 

on flag4

config.status:1086: creating Makefile
config.status:1086: creating config.h
config.status:1315: executing depfiles commands
config.status:1315: executing libtool commands

## ---------------- ##
## Cache variables. ##
## ---------------- ##

ac_cv_build=x86_64-unknown-linux-gnu
ac_cv_c_compiler_gnu=yes
ac_cv_c_inline=inline
ac_cv_c_int32_t=yes
ac_cv_c_int64_t=yes
ac_cv_c_uint32_t=yes
ac_cv_c_uint64_t=yes
ac_cv_c_uint8_t=yes
ac_cv_env_CC_set=
ac_cv_env_CC_value=
ac_cv_env_CFLAGS_set=
ac_cv_env_CFLAGS_value=
ac_cv_env_CPPFLAGS_set=
ac_cv_env_CPPFLAGS_value=
ac_cv_env_CPP_set=
ac_cv_env_CPP_value=
ac_cv_env_LDFLAGS_set=
ac_cv_env_LDFLAGS_value=
ac_cv_env_LIBS_set=
ac_cv_env_LIBS_value=
ac_cv_env_build_alias_set=
ac_cv_env_build_alias_value=
ac_cv_env_host_alias_set=
ac_cv_env_host_alias_value=
ac_cv_env_target_alias_set=
ac_cv_env_target_alias_value=
ac_cv_file__usr_local_bin_xgpuinfo=yes
ac_cv_file__usr_local_include_hashpipe_h=yes
ac_cv_file__usr_local_include_xgpu_h=yes
ac_cv_func_clock_gettime=yes
ac_cv_func_crc32=yes
ac_cv_func_malloc_0_nonnull=yes
ac_cv_func_memset=yes
ac_cv_func_socket=yes
ac_cv_header_dlfcn_h=yes
ac_cv_header_inttypes_h=yes
ac_cv_header_memory_h=yes
ac_cv_header_netdb_h=yes
ac_cv_header_stdc=yes
ac_cv_header_stdint_h=yes
ac_cv_header_stdlib_h=yes
ac_cv_header_string_h=yes
ac_cv_header_strings_h=yes
ac_cv_header_sys_socket_h=yes
ac_cv_header_sys_stat_h=yes
ac_cv_header_sys_time_h=yes
ac_cv_header_sys_types_h=yes
ac_cv_header_unistd_h=yes
ac_cv_header_zlib_h=yes
ac_cv_host=x86_64-unknown-linux-gnu
ac_cv_lib_hashpipe_hashpipe_databuf_create=yes
ac_cv_lib_pthread_pthread_create=yes
ac_cv_lib_rt_clock_gettime=yes
ac_cv_lib_xgpu_xgpuInit=yes
ac_cv_lib_z_crc32=yes
ac_cv_objext=o
ac_cv_path_EGREP='/bin/grep -E'
ac_cv_path_FGREP='/bin/grep -F'
ac_cv_path_GREP=/bin/grep
ac_cv_path_SED=/bin/sed
ac_cv_path_install='/usr/bin/install -c'
ac_cv_path_mkdir=/bin/mkdir
ac_cv_prog_AWK=gawk
ac_cv_prog_CPP='gcc -E'
ac_cv_prog_ac_ct_AR=ar
ac_cv_prog_ac_ct_CC=gcc
ac_cv_prog_ac_ct_OBJDUMP=objdump
ac_cv_prog_ac_ct_RANLIB=ranlib
ac_cv_prog_ac_ct_STRIP=strip
ac_cv_prog_cc_c89=
ac_cv_prog_cc_g=yes
ac_cv_prog_make_make_set=yes
ac_cv_type_off_t=yes
ac_cv_type_size_t=yes
am_cv_CC_dependencies_compiler_type=gcc3
lt_cv_deplibs_check_method=pass_all
lt_cv_file_magic_cmd='$MAGIC_CMD'
lt_cv_file_magic_test_file=
lt_cv_ld_reload_flag=-r
lt_cv_nm_interface='BSD nm'
lt_cv_objdir=.libs
lt_cv_path_LD=/usr/bin/ld
lt_cv_path_NM='/usr/bin/nm -B'
lt_cv_prog_compiler_c_o=yes
lt_cv_prog_compiler_pic_works=yes
lt_cv_prog_compiler_rtti_exceptions=no
lt_cv_prog_compiler_static_works=no
lt_cv_prog_gnu_ld=yes
lt_cv_sys_global_symbol_pipe='sed -n -e '\''s/^.*[	 ]\([ABCDGIRSTW][ABCDGIRSTW]*\)[	 ][	 ]*\([_A-Za-z][_A-Za-z0-9]*\)$/\1 \2 \2/p'\'''
lt_cv_sys_global_symbol_to_c_name_address='sed -n -e '\''s/^: \([^ ]*\) $/  {\"\1\", (void *) 0},/p'\'' -e '\''s/^[ABCDGIRSTW]* \([^ ]*\) \([^ ]*\)$/  {"\2", (void *) \&\2},/p'\'''
lt_cv_sys_global_symbol_to_c_name_address_lib_prefix='sed -n -e '\''s/^: \([^ ]*\) $/  {\"\1\", (void *) 0},/p'\'' -e '\''s/^[ABCDGIRSTW]* \([^ ]*\) \(lib[^ ]*\)$/  {"\2", (void *) \&\2},/p'\'' -e '\''s/^[ABCDGIRSTW]* \([^ ]*\) \([^ ]*\)$/  {"lib\2", (void *) \&\2},/p'\'''
lt_cv_sys_global_symbol_to_cdecl='sed -n -e '\''s/^T .* \(.*\)$/extern int \1();/p'\'' -e '\''s/^[ABCDGIRSTW]* .* \(.*\)$/extern char \1;/p'\'''
lt_cv_sys_max_cmd_len=1966080

## ----------------- ##
## Output variables. ##
## ----------------- ##

ACLOCAL='${SHELL} /home/rablack/FLAG/flag_gpu/standalone/correlator_stress/src/missing --run aclocal-1.11'
AMDEPBACKSLASH='\'
AMDEP_FALSE='#'
AMDEP_TRUE=''
AMTAR='${SHELL} /home/rablack/FLAG/flag_gpu/standalone/correlator_stress/src/missing --run tar'
AM_BACKSLASH='\'
AM_DEFAULT_VERBOSITY='0'
AR='ar'
AUTOCONF='${SHELL} /home/rablack/FLAG/flag_gpu/standalone/correlator_stress/src/missing --run autoconf'
AUTOHEADER='${SHELL} /home/rablack/FLAG/flag_gpu/standalone/correlator_stress/src/missing --run autoheader'
AUTOMAKE='${SHELL} /home/rablack/FLAG/flag_gpu/standalone/correlator_stress/src/missing --run automake-1.11'
AWK='gawk'
CC='gcc'
CCDEPMODE='depmode=gcc3'
CFLAGS='-g -O2'
CPP='gcc -E'
CPPFLAGS=''
CYGPATH_W='echo'
DEFS='-DHAVE_CONFIG_H'
DEPDIR='.deps'
DSYMUTIL=''
DUMPBIN=''
ECHO_C=''
ECHO_N='-n'
ECHO_T=''
EGREP='/bin/grep -E'
EXEEXT=''
FGREP='/bin/grep -F'
GREP='/bin/grep'
HASHPIPE_INCDIR='/usr/local/include'
HASHPIPE_LIBDIR='/usr/local/lib'
INSTALL_DATA='${INSTALL} -m 644'
INSTALL_PROGRAM='${INSTALL}'
INSTALL_SCRIPT='${INSTALL}'
INSTALL_STRIP_PROGRAM='$(install_sh) -c -s'
LD='/usr/bin/ld -m elf_x86_64'
LDFLAGS=''
LIBOBJS=''
LIBS='-lz -lrt -lpthread '
LIBTOOL='$(SHELL) $(top_builddir)/libtool'
LIPO=''
LN_S='ln -s'
LTLIBOBJS=''
MAKEINFO='${SHELL} /home/rablack/FLAG/flag_gpu/standalone/correlator_stress/src/missing --run makeinfo'
MKDIR_P='/bin/mkdir -p'
NM='/usr/bin/nm -B'
NMEDIT=''
OBJDUMP='objdump'
OBJEXT='o'
OTOOL64=''
OTOOL=''
PACKAGE='full-package-name'
PACKAGE_BUGREPORT='BUG-REPORT-ADDRESS'
PACKAGE_NAME='FULL-PACKAGE-NAME'
PACKAGE_STRING='FULL-PACKAGE-NAME VERSION'
PACKAGE_TARNAME='full-package-name'
PACKAGE_URL=''
PACKAGE_VERSION='VERSION'
PATH_SEPARATOR=':'
RANLIB='ranlib'
SED='/bin/sed'
SET_MAKE=''
SHELL='/bin/sh'
STRIP='strip'
VERSION='VERSION'
XGPU_BINDIR='/usr/local/bin'
XGPU_INCDIR='/usr/local/include'
XGPU_LIBDIR='/usr/local/lib'
ac_ct_CC='gcc'
ac_ct_DUMPBIN=''
am__EXEEXT_FALSE=''
am__EXEEXT_TRUE='#'
am__fastdepCC_FALSE='#'
am__fastdepCC_TRUE=''
am__include='include'
am__isrc=''
am__leading_dot='.'
am__quote=''
am__tar='${AMTAR} chof - "$$tardir"'
am__untar='${AMTAR} xf -'
bindir='${exec_prefix}/bin'
build='x86_64-unknown-linux-gnu'
build_alias=''
build_cpu='x86_64'
build_os='linux-gnu'
build_vendor='unknown'
datadir='${datarootdir}'
datarootdir='${prefix}/share'
docdir='${datarootdir}/doc/${PACKAGE_TARNAME}'
dvidir='${docdir}'
exec_prefix='${prefix}'
host='x86_64-unknown-linux-gnu'
host_alias=''
host_cpu='x86_64'
host_os='linux-gnu'
host_vendor='unknown'
htmldir='${docdir}'
includedir='${prefix}/include'
infodir='${datarootdir}/info'
install_sh='${SHELL} /home/rablack/FLAG/flag_gpu/standalone/correlator_stress/src/install-sh'
libdir='${exec_prefix}/lib'
libexecdir='${exec_prefix}/libexec'
localedir='${datarootdir}/locale'
localstatedir='${prefix}/var'
lt_ECHO='echo'
mandir='${datarootdir}/man'
mkdir_p='/bin/mkdir -p'
oldincludedir='/usr/include'
pdfdir='${docdir}'
prefix='/usr/local'
program_transform_name='s,x,x,'
psdir='${docdir}'
sbindir='${exec_prefix}/sbin'
sharedstatedir='${prefix}/com'
sysconfdir='${prefix}/etc'
target_alias=''

## ----------- ##
## confdefs.h. ##
## ----------- ##

/* confdefs.h */
#define PACKAGE_NAME "FULL-PACKAGE-NAME"
#define PACKAGE_TARNAME "full-package-name"
#define PACKAGE_VERSION "VERSION"
#define PACKAGE_STRING "FULL-PACKAGE-NAME VERSION"
#define PACKAGE_BUGREPORT "BUG-REPORT-ADDRESS"
#define PACKAGE_URL ""
#define PACKAGE "full-package-name"
#define VERSION "VERSION"
#define STDC_HEADERS 1
#define HAVE_SYS_TYPES_H 1
#define HAVE_SYS_STAT_H 1
#define HAVE_STDLIB_H 1
#define HAVE_STRING_H 1
#define HAVE_MEMORY_H 1
#define HAVE_STRINGS_H 1
#define HAVE_INTTYPES_H 1
#define HAVE_STDINT_H 1
#define HAVE_UNISTD_H 1
#define HAVE_DLFCN_H 1
#define LT_OBJDIR ".libs/"
#define XGPU_NSTATION 96
#define XGPU_NFREQUENCY 160
#define XGPU_NTIME 100
#define HAVE_LIBPTHREAD 1
#define HAVE_LIBRT 1
#define HAVE_LIBZ 1
#define HAVE_NETDB_H 1
#define HAVE_STDINT_H 1
#define HAVE_STDLIB_H 1
#define HAVE_STRING_H 1
#define HAVE_SYS_SOCKET_H 1
#define HAVE_SYS_TIME_H 1
#define HAVE_UNISTD_H 1
#define HAVE_ZLIB_H 1
#define HAVE_STDLIB_H 1
#define HAVE_MALLOC 1
#define HAVE_CLOCK_GETTIME 1
#define HAVE_MEMSET 1
#define HAVE_SOCKET 1
#define HAVE_CRC32 1

configure: exit 0
