This file contains any messages produced by compilers while
running configure, to aid debugging if configure makes a mistake.

It was created by FULL-PACKAGE-NAME configure VERSION, which was
generated by GNU Autoconf 2.69.  Invocation command line was

  $ ./configure 

## --------- ##
## Platform. ##
## --------- ##

hostname = flag4
uname -m = x86_64
uname -r = 2.6.32-504.16.2.el6.x86_64
uname -s = Linux
uname -v = #1 SMP Tue Mar 10 17:01:00 EDT 2015

/usr/bin/uname -p = unknown
/bin/uname -X     = unknown

/bin/arch              = x86_64
/usr/bin/arch -k       = unknown
/usr/convex/getsysinfo = unknown
/usr/bin/hostinfo      = unknown
/bin/machine           = unknown
/usr/bin/oslevel       = unknown
/bin/universe          = unknown

PATH: /usr/local/cuda-7.0/bin
PATH: /usr/lib64/qt-3.3/bin
PATH: /usr/local/cuda-7.0/bin
PATH: /usr/local/bin
PATH: /bin
PATH: /usr/bin
PATH: /usr/local/sbin
PATH: /usr/sbin
PATH: /sbin
PATH: /home/rablack/bin


## ----------- ##
## Core tests. ##
## ----------- ##

configure:2567: checking for a BSD-compatible install
configure:2635: result: /usr/bin/install -c
configure:2646: checking whether build environment is sane
configure:2696: result: yes
configure:2837: checking for a thread-safe mkdir -p
configure:2876: result: /bin/mkdir -p
configure:2889: checking for gawk
configure:2905: found /bin/gawk
configure:2916: result: gawk
configure:2927: checking whether make sets $(MAKE)
configure:2949: result: yes
configure:3058: checking build system type
configure:3072: result: x86_64-unknown-linux-gnu
configure:3092: checking host system type
configure:3105: result: x86_64-unknown-linux-gnu
configure:3137: checking for style of include used by make
configure:3165: result: GNU
configure:3235: checking for gcc
configure:3251: found /usr/bin/gcc
configure:3262: result: gcc
configure:3491: checking for C compiler version
configure:3500: gcc --version >&5
gcc (GCC) 4.4.7 20120313 (Red Hat 4.4.7-11)
Copyright (C) 2010 Free Software Foundation, Inc.
This is free software; see the source for copying conditions.  There is NO
warranty; not even for MERCHANTABILITY or FITNESS FOR A PARTICULAR PURPOSE.

configure:3511: $? = 0
configure:3500: gcc -v >&5
Using built-in specs.
Target: x86_64-redhat-linux
Configured with: ../configure --prefix=/usr --mandir=/usr/share/man --infodir=/usr/share/info --with-bugurl=http://bugzilla.redhat.com/bugzilla --enable-bootstrap --enable-shared --enable-threads=posix --enable-checking=release --with-system-zlib --enable-__cxa_atexit --disable-libunwind-exceptions --enable-gnu-unique-object --enable-languages=c,c++,objc,obj-c++,java,fortran,ada --enable-java-awt=gtk --disable-dssi --with-java-home=/usr/lib/jvm/java-1.5.0-gcj-1.5.0.0/jre --enable-libgcj-multifile --enable-java-maintainer-mode --with-ecj-jar=/usr/share/java/eclipse-ecj.jar --disable-libjava-multilib --with-ppl --with-cloog --with-tune=generic --with-arch_32=i686 --build=x86_64-redhat-linux
Thread model: posix
gcc version 4.4.7 20120313 (Red Hat 4.4.7-11) (GCC) 
configure:3511: $? = 0
configure:3500: gcc -V >&5
gcc: '-V' option must have argument
configure:3511: $? = 1
configure:3500: gcc -qversion >&5
gcc: unrecognized option '-qversion'
gcc: no input files
configure:3511: $? = 1
configure:3531: checking whether the C compiler works
configure:3553: gcc    conftest.c  >&5
configure:3557: $? = 0
configure:3605: result: yes
configure:3608: checking for C compiler default output file name
configure:3610: result: a.out
configure:3616: checking for suffix of executables
configure:3623: gcc -o conftest    conftest.c  >&5
configure:3627: $? = 0
configure:3649: result: 
configure:3671: checking whether we are cross compiling
configure:3679: gcc -o conftest    conftest.c  >&5
configure:3683: $? = 0
configure:3690: ./conftest
configure:3694: $? = 0
configure:3709: result: no
configure:3714: checking for suffix of object files
configure:3736: gcc -c   conftest.c >&5
configure:3740: $? = 0
configure:3761: result: o
configure:3765: checking whether we are using the GNU C compiler
configure:3784: gcc -c   conftest.c >&5
configure:3784: $? = 0
configure:3793: result: yes
configure:3802: checking whether gcc accepts -g
configure:3822: gcc -c -g  conftest.c >&5
configure:3822: $? = 0
configure:3863: result: yes
configure:3880: checking for gcc option to accept ISO C89
configure:3943: gcc  -c -g -O2  conftest.c >&5
configure:3943: $? = 0
configure:3956: result: none needed
configure:3978: checking dependency style of gcc
configure:4088: result: gcc3
configure:4103: checking for a sed that does not truncate output
configure:4167: result: /bin/sed
configure:4185: checking for grep that handles long lines and -e
configure:4243: result: /bin/grep
configure:4248: checking for egrep
configure:4310: result: /bin/grep -E
configure:4315: checking for fgrep
configure:4377: result: /bin/grep -F
configure:4412: checking for ld used by gcc
configure:4479: result: /usr/bin/ld
configure:4486: checking if the linker (/usr/bin/ld) is GNU ld
configure:4501: result: yes
configure:4513: checking for BSD- or MS-compatible name lister (nm)
configure:4562: result: /usr/bin/nm -B
configure:4680: checking the name lister (/usr/bin/nm -B) interface
configure:4687: gcc -c -g -O2  conftest.c >&5
configure:4690: /usr/bin/nm -B "conftest.o"
configure:4693: output
0000000000000000 B some_variable
configure:4700: result: BSD nm
configure:4703: checking whether ln -s works
configure:4707: result: yes
configure:4715: checking the maximum length of command line arguments
configure:4835: result: 1966080
configure:4852: checking whether the shell understands some XSI constructs
configure:4862: result: yes
configure:4866: checking whether the shell understands "+="
configure:4872: result: yes
configure:4907: checking for /usr/bin/ld option to reload object files
configure:4914: result: -r
configure:4983: checking for objdump
configure:4999: found /usr/bin/objdump
configure:5010: result: objdump
configure:5042: checking how to recognize dependent libraries
configure:5238: result: pass_all
configure:5298: checking for ar
configure:5314: found /usr/bin/ar
configure:5325: result: ar
configure:5403: checking for strip
configure:5419: found /usr/bin/strip
configure:5430: result: strip
configure:5502: checking for ranlib
configure:5518: found /usr/bin/ranlib
configure:5529: result: ranlib
configure:5619: checking command to parse /usr/bin/nm -B output from gcc object
configure:5737: gcc -c -g -O2  conftest.c >&5
configure:5740: $? = 0
configure:5744: /usr/bin/nm -B conftest.o \| sed -n -e 's/^.*[	 ]\([ABCDGIRSTW][ABCDGIRSTW]*\)[	 ][	 ]*\([_A-Za-z][_A-Za-z0-9]*\)$/\1 \2 \2/p' \> conftest.nm
configure:5747: $? = 0
configure:5801: gcc -o conftest -g -O2   conftest.c conftstm.o >&5
configure:5804: $? = 0
configure:5842: result: ok
configure:5938: gcc -c -g -O2  conftest.c >&5
configure:5941: $? = 0
configure:6651: checking how to run the C preprocessor
configure:6682: gcc -E  conftest.c
configure:6682: $? = 0
configure:6696: gcc -E  conftest.c
conftest.c:11:28: error: ac_nonexistent.h: No such file or directory
configure:6696: $? = 1
configure: failed program was:
| /* confdefs.h */
| #define PACKAGE_NAME "FULL-PACKAGE-NAME"
| #define PACKAGE_TARNAME "full-package-name"
| #define PACKAGE_VERSION "VERSION"
| #define PACKAGE_STRING "FULL-PACKAGE-NAME VERSION"
| #define PACKAGE_BUGREPORT "BUG-REPORT-ADDRESS"
| #define PACKAGE_URL ""
| #define PACKAGE "full-package-name"
| #define VERSION "VERSION"
| /* end confdefs.h.  */
| #include <ac_nonexistent.h>
configure:6721: result: gcc -E
configure:6741: gcc -E  conftest.c
configure:6741: $? = 0
configure:6755: gcc -E  conftest.c
conftest.c:11:28: error: ac_nonexistent.h: No such file or directory
configure:6755: $? = 1
configure: failed program was:
| /* confdefs.h */
| #define PACKAGE_NAME "FULL-PACKAGE-NAME"
| #define PACKAGE_TARNAME "full-package-name"
| #define PACKAGE_VERSION "VERSION"
| #define PACKAGE_STRING "FULL-PACKAGE-NAME VERSION"
| #define PACKAGE_BUGREPORT "BUG-REPORT-ADDRESS"
| #define PACKAGE_URL ""
| #define PACKAGE "full-package-name"
| #define VERSION "VERSION"
| /* end confdefs.h.  */
| #include <ac_nonexistent.h>
configure:6784: checking for ANSI C header files
configure:6804: gcc -c -g -O2  conftest.c >&5
configure:6804: $? = 0
configure:6877: gcc -o conftest -g -O2   conftest.c  >&5
configure:6877: $? = 0
configure:6877: ./conftest
configure:6877: $? = 0
configure:6888: result: yes
configure:6901: checking for sys/types.h
configure:6901: gcc -c -g -O2  conftest.c >&5
configure:6901: $? = 0
configure:6901: result: yes
configure:6901: checking for sys/stat.h
configure:6901: gcc -c -g -O2  conftest.c >&5
configure:6901: $? = 0
configure:6901: result: yes
configure:6901: checking for stdlib.h
configure:6901: gcc -c -g -O2  conftest.c >&5
configure:6901: $? = 0
configure:6901: result: yes
configure:6901: checking for string.h
configure:6901: gcc -c -g -O2  conftest.c >&5
configure:6901: $? = 0
configure:6901: result: yes
configure:6901: checking for memory.h
configure:6901: gcc -c -g -O2  conftest.c >&5
configure:6901: $? = 0
configure:6901: result: yes
configure:6901: checking for strings.h
configure:6901: gcc -c -g -O2  conftest.c >&5
configure:6901: $? = 0
configure:6901: result: yes
configure:6901: checking for inttypes.h
configure:6901: gcc -c -g -O2  conftest.c >&5
configure:6901: $? = 0
configure:6901: result: yes
configure:6901: checking for stdint.h
configure:6901: gcc -c -g -O2  conftest.c >&5
configure:6901: $? = 0
configure:6901: result: yes
configure:6901: checking for unistd.h
configure:6901: gcc -c -g -O2  conftest.c >&5
configure:6901: $? = 0
configure:6901: result: yes
configure:6915: checking for dlfcn.h
configure:6915: gcc -c -g -O2  conftest.c >&5
configure:6915: $? = 0
configure:6915: result: yes
configure:7099: checking for objdir
configure:7114: result: .libs
configure:7410: checking if gcc supports -fno-rtti -fno-exceptions
configure:7428: gcc -c -g -O2  -fno-rtti -fno-exceptions conftest.c >&5
cc1: warning: command line option "-fno-rtti" is valid for C++/ObjC++ but not for C
configure:7432: $? = 0
configure:7445: result: no
configure:7465: checking for gcc option to produce PIC
configure:7737: result: -fPIC -DPIC
configure:7749: checking if gcc PIC flag -fPIC -DPIC works
configure:7767: gcc -c -g -O2  -fPIC -DPIC -DPIC conftest.c >&5
configure:7771: $? = 0
configure:7784: result: yes
configure:7808: checking if gcc static flag -static works
configure:7836: result: no
configure:7851: checking if gcc supports -c -o file.o
configure:7872: gcc -c -g -O2  -o out/conftest2.o conftest.c >&5
configure:7876: $? = 0
configure:7898: result: yes
configure:7906: checking if gcc supports -c -o file.o
configure:7953: result: yes
configure:7986: checking whether the gcc linker (/usr/bin/ld -m elf_x86_64) supports shared libraries
configure:8972: result: yes
configure:9009: checking whether -lc should be explicitly linked in
configure:9014: gcc -c -g -O2  conftest.c >&5
configure:9017: $? = 0
configure:9032: gcc -shared conftest.o  -v -Wl,-soname -Wl,conftest -o conftest 2\>\&1 \| /bin/grep  -lc  \>/dev/null 2\>\&1
configure:9035: $? = 0
configure:9047: result: no
configure:9211: checking dynamic linker characteristics
configure:9644: gcc -o conftest -g -O2   -Wl,-rpath -Wl,/foo conftest.c  >&5
configure:9644: $? = 0
configure:9865: result: GNU/Linux ld.so
configure:9967: checking how to hardcode library paths into programs
configure:9992: result: immediate
configure:10512: checking whether stripping libraries is possible
configure:10517: result: yes
configure:10552: checking if libtool supports shared libraries
configure:10554: result: yes
configure:10557: checking whether to build shared libraries
configure:10578: result: yes
configure:10581: checking whether to build static libraries
configure:10585: result: yes
configure:10697: checking for gcc
configure:10724: result: gcc
configure:10953: checking for C compiler version
configure:10962: gcc --version >&5
gcc (GCC) 4.4.7 20120313 (Red Hat 4.4.7-11)
Copyright (C) 2010 Free Software Foundation, Inc.
This is free software; see the source for copying conditions.  There is NO
warranty; not even for MERCHANTABILITY or FITNESS FOR A PARTICULAR PURPOSE.

configure:10973: $? = 0
configure:10962: gcc -v >&5
Using built-in specs.
Target: x86_64-redhat-linux
Configured with: ../configure --prefix=/usr --mandir=/usr/share/man --infodir=/usr/share/info --with-bugurl=http://bugzilla.redhat.com/bugzilla --enable-bootstrap --enable-shared --enable-threads=posix --enable-checking=release --with-system-zlib --enable-__cxa_atexit --disable-libunwind-exceptions --enable-gnu-unique-object --enable-languages=c,c++,objc,obj-c++,java,fortran,ada --enable-java-awt=gtk --disable-dssi --with-java-home=/usr/lib/jvm/java-1.5.0-gcj-1.5.0.0/jre --enable-libgcj-multifile --enable-java-maintainer-mode --with-ecj-jar=/usr/share/java/eclipse-ecj.jar --disable-libjava-multilib --with-ppl --with-cloog --with-tune=generic --with-arch_32=i686 --build=x86_64-redhat-linux
Thread model: posix
gcc version 4.4.7 20120313 (Red Hat 4.4.7-11) (GCC) 
configure:10973: $? = 0
configure:10962: gcc -V >&5
gcc: '-V' option must have argument
configure:10973: $? = 1
configure:10962: gcc -qversion >&5
gcc: unrecognized option '-qversion'
gcc: no input files
configure:10973: $? = 1
configure:10977: checking whether we are using the GNU C compiler
configure:11005: result: yes
configure:11014: checking whether gcc accepts -g
configure:11075: result: yes
configure:11092: checking for gcc option to accept ISO C89
configure:11168: result: none needed
configure:11190: checking dependency style of gcc
configure:11300: result: gcc3
configure:11328: checking for hashpipe_databuf_create in -lhashpipe
configure:11353: gcc -o conftest -g -O2   -L/usr/local/lib conftest.c -lhashpipe   >&5
configure:11353: $? = 0
configure:11362: result: yes
configure:11422: checking for /usr/local/include/hashpipe.h
configure:11436: result: yes
configure:11477: checking for pthread_create in -lpthread
configure:11502: gcc -o conftest -g -O2   conftest.c -lpthread   >&5
configure:11502: $? = 0
configure:11511: result: yes
configure:11522: checking for clock_gettime in -lrt
configure:11547: gcc -o conftest -g -O2   conftest.c -lrt  -lpthread  >&5
configure:11547: $? = 0
configure:11556: result: yes
configure:11567: checking for crc32 in -lz
configure:11592: gcc -o conftest -g -O2   conftest.c -lz  -lrt -lpthread  >&5
configure:11592: $? = 0
configure:11601: result: yes
configure:11617: checking netdb.h usability
configure:11617: gcc -c -g -O2  conftest.c >&5
configure:11617: $? = 0
configure:11617: result: yes
configure:11617: checking netdb.h presence
configure:11617: gcc -E  conftest.c
configure:11617: $? = 0
configure:11617: result: yes
configure:11617: checking for netdb.h
configure:11617: result: yes
configure:11617: checking for stdint.h
configure:11617: result: yes
configure:11617: checking for stdlib.h
configure:11617: result: yes
configure:11617: checking for string.h
configure:11617: result: yes
configure:11617: checking sys/socket.h usability
configure:11617: gcc -c -g -O2  conftest.c >&5
configure:11617: $? = 0
configure:11617: result: yes
configure:11617: checking sys/socket.h presence
configure:11617: gcc -E  conftest.c
configure:11617: $? = 0
configure:11617: result: yes
configure:11617: checking for sys/socket.h
configure:11617: result: yes
configure:11617: checking sys/time.h usability
configure:11617: gcc -c -g -O2  conftest.c >&5
configure:11617: $? = 0
configure:11617: result: yes
configure:11617: checking sys/time.h presence
configure:11617: gcc -E  conftest.c
configure:11617: $? = 0
configure:11617: result: yes
configure:11617: checking for sys/time.h
configure:11617: result: yes
configure:11617: checking for unistd.h
configure:11617: result: yes
configure:11617: checking zlib.h usability
configure:11617: gcc -c -g -O2  conftest.c >&5
configure:11617: $? = 0
configure:11617: result: yes
configure:11617: checking zlib.h presence
configure:11617: gcc -E  conftest.c
configure:11617: $? = 0
configure:11617: result: yes
configure:11617: checking for zlib.h
configure:11617: result: yes
configure:11629: checking for inline
configure:11645: gcc -c -g -O2  conftest.c >&5
configure:11645: $? = 0
configure:11653: result: inline
configure:11671: checking for int32_t
configure:11671: gcc -c -g -O2  conftest.c >&5
configure:11671: $? = 0
configure:11671: gcc -c -g -O2  conftest.c >&5
conftest.c: In function 'main':
conftest.c:72: warning: integer overflow in expression
conftest.c:72: error: size of array 'test_array' is negative
configure:11671: $? = 1
configure: failed program was:
| /* confdefs.h */
| #define PACKAGE_NAME "FULL-PACKAGE-NAME"
| #define PACKAGE_TARNAME "full-package-name"
| #define PACKAGE_VERSION "VERSION"
| #define PACKAGE_STRING "FULL-PACKAGE-NAME VERSION"
| #define PACKAGE_BUGREPORT "BUG-REPORT-ADDRESS"
| #define PACKAGE_URL ""
| #define PACKAGE "full-package-name"
| #define VERSION "VERSION"
| #define STDC_HEADERS 1
| #define HAVE_SYS_TYPES_H 1
| #define HAVE_SYS_STAT_H 1
| #define HAVE_STDLIB_H 1
| #define HAVE_STRING_H 1
| #define HAVE_MEMORY_H 1
| #define HAVE_STRINGS_H 1
| #define HAVE_INTTYPES_H 1
| #define HAVE_STDINT_H 1
| #define HAVE_UNISTD_H 1
| #define HAVE_DLFCN_H 1
| #define LT_OBJDIR ".libs/"
| #define HAVE_LIBPTHREAD 1
| #define HAVE_LIBRT 1
| #define HAVE_LIBZ 1
| #define HAVE_NETDB_H 1
| #define HAVE_STDINT_H 1
| #define HAVE_STDLIB_H 1
| #define HAVE_STRING_H 1
| #define HAVE_SYS_SOCKET_H 1
| #define HAVE_SYS_TIME_H 1
| #define HAVE_UNISTD_H 1
| #define HAVE_ZLIB_H 1
| /* end confdefs.h.  */
| #include <stdio.h>
| #ifdef HAVE_SYS_TYPES_H
| # include <sys/types.h>
| #endif
| #ifdef HAVE_SYS_STAT_H
| # include <sys/stat.h>
| #endif
| #ifdef STDC_HEADERS
| # include <stdlib.h>
| # include <stddef.h>
| #else
| # ifdef HAVE_STDLIB_H
| #  include <stdlib.h>
| # endif
| #endif
| #ifdef HAVE_STRING_H
| # if !defined STDC_HEADERS && defined HAVE_MEMORY_H
| #  include <memory.h>
| # endif
| # include <string.h>
| #endif
| #ifdef HAVE_STRINGS_H
| # include <strings.h>
| #endif
| #ifdef HAVE_INTTYPES_H
| # include <inttypes.h>
| #endif
| #ifdef HAVE_STDINT_H
| # include <stdint.h>
| #endif
| #ifdef HAVE_UNISTD_H
| # include <unistd.h>
| #endif
| 	        enum { N = 32 / 2 - 1 };
| int
| main ()
| {
| static int test_array [1 - 2 * !((int32_t) (((((int32_t) 1 << N) << N) - 1) * 2 + 1)
| 		 < (int32_t) (((((int32_t) 1 << N) << N) - 1) * 2 + 2))];
| test_array [0] = 0;
| return test_array [0];
| 
|   ;
|   return 0;
| }
configure:11671: result: yes
configure:11682: checking for int64_t
configure:11682: gcc -c -g -O2  conftest.c >&5
configure:11682: $? = 0
configure:11682: gcc -c -g -O2  conftest.c >&5
conftest.c: In function 'main':
conftest.c:72: warning: integer overflow in expression
conftest.c:72: error: size of array 'test_array' is negative
configure:11682: $? = 1
configure: failed program was:
| /* confdefs.h */
| #define PACKAGE_NAME "FULL-PACKAGE-NAME"
| #define PACKAGE_TARNAME "full-package-name"
| #define PACKAGE_VERSION "VERSION"
| #define PACKAGE_STRING "FULL-PACKAGE-NAME VERSION"
| #define PACKAGE_BUGREPORT "BUG-REPORT-ADDRESS"
| #define PACKAGE_URL ""
| #define PACKAGE "full-package-name"
| #define VERSION "VERSION"
| #define STDC_HEADERS 1
| #define HAVE_SYS_TYPES_H 1
| #define HAVE_SYS_STAT_H 1
| #define HAVE_STDLIB_H 1
| #define HAVE_STRING_H 1
| #define HAVE_MEMORY_H 1
| #define HAVE_STRINGS_H 1
| #define HAVE_INTTYPES_H 1
| #define HAVE_STDINT_H 1
| #define HAVE_UNISTD_H 1
| #define HAVE_DLFCN_H 1
| #define LT_OBJDIR ".libs/"
| #define HAVE_LIBPTHREAD 1
| #define HAVE_LIBRT 1
| #define HAVE_LIBZ 1
| #define HAVE_NETDB_H 1
| #define HAVE_STDINT_H 1
| #define HAVE_STDLIB_H 1
| #define HAVE_STRING_H 1
| #define HAVE_SYS_SOCKET_H 1
| #define HAVE_SYS_TIME_H 1
| #define HAVE_UNISTD_H 1
| #define HAVE_ZLIB_H 1
| /* end confdefs.h.  */
| #include <stdio.h>
| #ifdef HAVE_SYS_TYPES_H
| # include <sys/types.h>
| #endif
| #ifdef HAVE_SYS_STAT_H
| # include <sys/stat.h>
| #endif
| #ifdef STDC_HEADERS
| # include <stdlib.h>
| # include <stddef.h>
| #else
| # ifdef HAVE_STDLIB_H
| #  include <stdlib.h>
| # endif
| #endif
| #ifdef HAVE_STRING_H
| # if !defined STDC_HEADERS && defined HAVE_MEMORY_H
| #  include <memory.h>
| # endif
| # include <string.h>
| #endif
| #ifdef HAVE_STRINGS_H
| # include <strings.h>
| #endif
| #ifdef HAVE_INTTYPES_H
| # include <inttypes.h>
| #endif
| #ifdef HAVE_STDINT_H
| # include <stdint.h>
| #endif
| #ifdef HAVE_UNISTD_H
| # include <unistd.h>
| #endif
| 	        enum { N = 64 / 2 - 1 };
| int
| main ()
| {
| static int test_array [1 - 2 * !((int64_t) (((((int64_t) 1 << N) << N) - 1) * 2 + 1)
| 		 < (int64_t) (((((int64_t) 1 << N) << N) - 1) * 2 + 2))];
| test_array [0] = 0;
| return test_array [0];
| 
|   ;
|   return 0;
| }
configure:11682: result: yes
configure:11693: checking for off_t
configure:11693: gcc -c -g -O2  conftest.c >&5
configure:11693: $? = 0
configure:11693: gcc -c -g -O2  conftest.c >&5
conftest.c: In function 'main':
conftest.c:70: error: expected expression before ')' token
configure:11693: $? = 1
configure: failed program was:
| /* confdefs.h */
| #define PACKAGE_NAME "FULL-PACKAGE-NAME"
| #define PACKAGE_TARNAME "full-package-name"
| #define PACKAGE_VERSION "VERSION"
| #define PACKAGE_STRING "FULL-PACKAGE-NAME VERSION"
| #define PACKAGE_BUGREPORT "BUG-REPORT-ADDRESS"
| #define PACKAGE_URL ""
| #define PACKAGE "full-package-name"
| #define VERSION "VERSION"
| #define STDC_HEADERS 1
| #define HAVE_SYS_TYPES_H 1
| #define HAVE_SYS_STAT_H 1
| #define HAVE_STDLIB_H 1
| #define HAVE_STRING_H 1
| #define HAVE_MEMORY_H 1
| #define HAVE_STRINGS_H 1
| #define HAVE_INTTYPES_H 1
| #define HAVE_STDINT_H 1
| #define HAVE_UNISTD_H 1
| #define HAVE_DLFCN_H 1
| #define LT_OBJDIR ".libs/"
| #define HAVE_LIBPTHREAD 1
| #define HAVE_LIBRT 1
| #define HAVE_LIBZ 1
| #define HAVE_NETDB_H 1
| #define HAVE_STDINT_H 1
| #define HAVE_STDLIB_H 1
| #define HAVE_STRING_H 1
| #define HAVE_SYS_SOCKET_H 1
| #define HAVE_SYS_TIME_H 1
| #define HAVE_UNISTD_H 1
| #define HAVE_ZLIB_H 1
| /* end confdefs.h.  */
| #include <stdio.h>
| #ifdef HAVE_SYS_TYPES_H
| # include <sys/types.h>
| #endif
| #ifdef HAVE_SYS_STAT_H
| # include <sys/stat.h>
| #endif
| #ifdef STDC_HEADERS
| # include <stdlib.h>
| # include <stddef.h>
| #else
| # ifdef HAVE_STDLIB_H
| #  include <stdlib.h>
| # endif
| #endif
| #ifdef HAVE_STRING_H
| # if !defined STDC_HEADERS && defined HAVE_MEMORY_H
| #  include <memory.h>
| # endif
| # include <string.h>
| #endif
| #ifdef HAVE_STRINGS_H
| # include <strings.h>
| #endif
| #ifdef HAVE_INTTYPES_H
| # include <inttypes.h>
| #endif
| #ifdef HAVE_STDINT_H
| # include <stdint.h>
| #endif
| #ifdef HAVE_UNISTD_H
| # include <unistd.h>
| #endif
| int
| main ()
| {
| if (sizeof ((off_t)))
| 	    return 0;
|   ;
|   return 0;
| }
configure:11693: result: yes
configure:11704: checking for size_t
configure:11704: gcc -c -g -O2  conftest.c >&5
configure:11704: $? = 0
configure:11704: gcc -c -g -O2  conftest.c >&5
conftest.c: In function 'main':
conftest.c:70: error: expected expression before ')' token
configure:11704: $? = 1
configure: failed program was:
| /* confdefs.h */
| #define PACKAGE_NAME "FULL-PACKAGE-NAME"
| #define PACKAGE_TARNAME "full-package-name"
| #define PACKAGE_VERSION "VERSION"
| #define PACKAGE_STRING "FULL-PACKAGE-NAME VERSION"
| #define PACKAGE_BUGREPORT "BUG-REPORT-ADDRESS"
| #define PACKAGE_URL ""
| #define PACKAGE "full-package-name"
| #define VERSION "VERSION"
| #define STDC_HEADERS 1
| #define HAVE_SYS_TYPES_H 1
| #define HAVE_SYS_STAT_H 1
| #define HAVE_STDLIB_H 1
| #define HAVE_STRING_H 1
| #define HAVE_MEMORY_H 1
| #define HAVE_STRINGS_H 1
| #define HAVE_INTTYPES_H 1
| #define HAVE_STDINT_H 1
| #define HAVE_UNISTD_H 1
| #define HAVE_DLFCN_H 1
| #define LT_OBJDIR ".libs/"
| #define HAVE_LIBPTHREAD 1
| #define HAVE_LIBRT 1
| #define HAVE_LIBZ 1
| #define HAVE_NETDB_H 1
| #define HAVE_STDINT_H 1
| #define HAVE_STDLIB_H 1
| #define HAVE_STRING_H 1
| #define HAVE_SYS_SOCKET_H 1
| #define HAVE_SYS_TIME_H 1
| #define HAVE_UNISTD_H 1
| #define HAVE_ZLIB_H 1
| /* end confdefs.h.  */
| #include <stdio.h>
| #ifdef HAVE_SYS_TYPES_H
| # include <sys/types.h>
| #endif
| #ifdef HAVE_SYS_STAT_H
| # include <sys/stat.h>
| #endif
| #ifdef STDC_HEADERS
| # include <stdlib.h>
| # include <stddef.h>
| #else
| # ifdef HAVE_STDLIB_H
| #  include <stdlib.h>
| # endif
| #endif
| #ifdef HAVE_STRING_H
| # if !defined STDC_HEADERS && defined HAVE_MEMORY_H
| #  include <memory.h>
| # endif
| # include <string.h>
| #endif
| #ifdef HAVE_STRINGS_H
| # include <strings.h>
| #endif
| #ifdef HAVE_INTTYPES_H
| # include <inttypes.h>
| #endif
| #ifdef HAVE_STDINT_H
| # include <stdint.h>
| #endif
| #ifdef HAVE_UNISTD_H
| # include <unistd.h>
| #endif
| int
| main ()
| {
| if (sizeof ((size_t)))
| 	    return 0;
|   ;
|   return 0;
| }
configure:11704: result: yes
configure:11715: checking for uint32_t
configure:11715: gcc -c -g -O2  conftest.c >&5
configure:11715: $? = 0
configure:11715: result: yes
configure:11729: checking for uint64_t
configure:11729: gcc -c -g -O2  conftest.c >&5
configure:11729: $? = 0
configure:11729: result: yes
configure:11743: checking for uint8_t
configure:11743: gcc -c -g -O2  conftest.c >&5
configure:11743: $? = 0
configure:11743: result: yes
configure:11761: checking for stdlib.h
configure:11761: result: yes
configure:11771: checking for GNU libc compatible malloc
configure:11795: gcc -o conftest -g -O2   conftest.c -lz -lrt -lpthread  >&5
configure:11795: $? = 0
configure:11795: ./conftest
configure:11795: $? = 0
configure:11805: result: yes
configure:11829: checking for clock_gettime
configure:11829: gcc -o conftest -g -O2   conftest.c -lz -lrt -lpthread  >&5
configure:11829: $? = 0
configure:11829: result: yes
configure:11829: checking for memset
configure:11829: gcc -o conftest -g -O2   conftest.c -lz -lrt -lpthread  >&5
conftest.c:60: warning: conflicting types for built-in function 'memset'
configure:11829: $? = 0
configure:11829: result: yes
configure:11829: checking for socket
configure:11829: gcc -o conftest -g -O2   conftest.c -lz -lrt -lpthread  >&5
configure:11829: $? = 0
configure:11829: result: yes
configure:11829: checking for crc32
configure:11829: gcc -o conftest -g -O2   conftest.c -lz -lrt -lpthread  >&5
configure:11829: $? = 0
configure:11829: result: yes
configure:11975: creating ./config.status

## ---------------------- ##
## Running config.status. ##
## ---------------------- ##

This file was extended by FULL-PACKAGE-NAME config.status VERSION, which was
generated by GNU Autoconf 2.69.  Invocation command line was

  CONFIG_FILES    = 
  CONFIG_HEADERS  = 
  CONFIG_LINKS    = 
  CONFIG_COMMANDS = 
  $ ./config.status 

on flag4

config.status:1080: creating Makefile
config.status:1080: creating config.h
config.status:1261: config.h is unchanged
config.status:1309: executing depfiles commands
config.status:1309: executing libtool commands

## ---------------- ##
## Cache variables. ##
## ---------------- ##

ac_cv_build=x86_64-unknown-linux-gnu
ac_cv_c_compiler_gnu=yes
ac_cv_c_inline=inline
ac_cv_c_int32_t=yes
ac_cv_c_int64_t=yes
ac_cv_c_uint32_t=yes
ac_cv_c_uint64_t=yes
ac_cv_c_uint8_t=yes
ac_cv_env_CC_set=
ac_cv_env_CC_value=
ac_cv_env_CFLAGS_set=
ac_cv_env_CFLAGS_value=
ac_cv_env_CPPFLAGS_set=
ac_cv_env_CPPFLAGS_value=
ac_cv_env_CPP_set=
ac_cv_env_CPP_value=
ac_cv_env_LDFLAGS_set=
ac_cv_env_LDFLAGS_value=
ac_cv_env_LIBS_set=
ac_cv_env_LIBS_value=
ac_cv_env_build_alias_set=
ac_cv_env_build_alias_value=
ac_cv_env_host_alias_set=
ac_cv_env_host_alias_value=
ac_cv_env_target_alias_set=
ac_cv_env_target_alias_value=
ac_cv_file__usr_local_include_hashpipe_h=yes
ac_cv_func_clock_gettime=yes
ac_cv_func_crc32=yes
ac_cv_func_malloc_0_nonnull=yes
ac_cv_func_memset=yes
ac_cv_func_socket=yes
ac_cv_header_dlfcn_h=yes
ac_cv_header_inttypes_h=yes
ac_cv_header_memory_h=yes
ac_cv_header_netdb_h=yes
ac_cv_header_stdc=yes
ac_cv_header_stdint_h=yes
ac_cv_header_stdlib_h=yes
ac_cv_header_string_h=yes
ac_cv_header_strings_h=yes
ac_cv_header_sys_socket_h=yes
ac_cv_header_sys_stat_h=yes
ac_cv_header_sys_time_h=yes
ac_cv_header_sys_types_h=yes
ac_cv_header_unistd_h=yes
ac_cv_header_zlib_h=yes
ac_cv_host=x86_64-unknown-linux-gnu
ac_cv_lib_hashpipe_hashpipe_databuf_create=yes
ac_cv_lib_pthread_pthread_create=yes
ac_cv_lib_rt_clock_gettime=yes
ac_cv_lib_z_crc32=yes
ac_cv_objext=o
ac_cv_path_EGREP='/bin/grep -E'
ac_cv_path_FGREP='/bin/grep -F'
ac_cv_path_GREP=/bin/grep
ac_cv_path_SED=/bin/sed
ac_cv_path_install='/usr/bin/install -c'
ac_cv_path_mkdir=/bin/mkdir
ac_cv_prog_AWK=gawk
ac_cv_prog_CPP='gcc -E'
ac_cv_prog_ac_ct_AR=ar
ac_cv_prog_ac_ct_CC=gcc
ac_cv_prog_ac_ct_OBJDUMP=objdump
ac_cv_prog_ac_ct_RANLIB=ranlib
ac_cv_prog_ac_ct_STRIP=strip
ac_cv_prog_cc_c89=
ac_cv_prog_cc_g=yes
ac_cv_prog_make_make_set=yes
ac_cv_type_off_t=yes
ac_cv_type_size_t=yes
am_cv_CC_dependencies_compiler_type=gcc3
lt_cv_deplibs_check_method=pass_all
lt_cv_file_magic_cmd='$MAGIC_CMD'
lt_cv_file_magic_test_file=
lt_cv_ld_reload_flag=-r
lt_cv_nm_interface='BSD nm'
lt_cv_objdir=.libs
lt_cv_path_LD=/usr/bin/ld
lt_cv_path_NM='/usr/bin/nm -B'
lt_cv_prog_compiler_c_o=yes
lt_cv_prog_compiler_pic_works=yes
lt_cv_prog_compiler_rtti_exceptions=no
lt_cv_prog_compiler_static_works=no
lt_cv_prog_gnu_ld=yes
lt_cv_sys_global_symbol_pipe='sed -n -e '\''s/^.*[	 ]\([ABCDGIRSTW][ABCDGIRSTW]*\)[	 ][	 ]*\([_A-Za-z][_A-Za-z0-9]*\)$/\1 \2 \2/p'\'''
lt_cv_sys_global_symbol_to_c_name_address='sed -n -e '\''s/^: \([^ ]*\) $/  {\"\1\", (void *) 0},/p'\'' -e '\''s/^[ABCDGIRSTW]* \([^ ]*\) \([^ ]*\)$/  {"\2", (void *) \&\2},/p'\'''
lt_cv_sys_global_symbol_to_c_name_address_lib_prefix='sed -n -e '\''s/^: \([^ ]*\) $/  {\"\1\", (void *) 0},/p'\'' -e '\''s/^[ABCDGIRSTW]* \([^ ]*\) \(lib[^ ]*\)$/  {"\2", (void *) \&\2},/p'\'' -e '\''s/^[ABCDGIRSTW]* \([^ ]*\) \([^ ]*\)$/  {"lib\2", (void *) \&\2},/p'\'''
lt_cv_sys_global_symbol_to_cdecl='sed -n -e '\''s/^T .* \(.*\)$/extern int \1();/p'\'' -e '\''s/^[ABCDGIRSTW]* .* \(.*\)$/extern char \1;/p'\'''
lt_cv_sys_max_cmd_len=1966080

## ----------------- ##
## Output variables. ##
## ----------------- ##

ACLOCAL='${SHELL} /home/rablack/FLAG/hash_grating/src/missing --run aclocal-1.11'
AMDEPBACKSLASH='\'
AMDEP_FALSE='#'
AMDEP_TRUE=''
AMTAR='${SHELL} /home/rablack/FLAG/hash_grating/src/missing --run tar'
AM_BACKSLASH='\'
AM_DEFAULT_VERBOSITY='0'
AR='ar'
AUTOCONF='${SHELL} /home/rablack/FLAG/hash_grating/src/missing --run autoconf'
AUTOHEADER='${SHELL} /home/rablack/FLAG/hash_grating/src/missing --run autoheader'
AUTOMAKE='${SHELL} /home/rablack/FLAG/hash_grating/src/missing --run automake-1.11'
AWK='gawk'
CC='gcc'
CCDEPMODE='depmode=gcc3'
CFLAGS='-g -O2'
CPP='gcc -E'
CPPFLAGS=''
CYGPATH_W='echo'
DEFS='-DHAVE_CONFIG_H'
DEPDIR='.deps'
DSYMUTIL=''
DUMPBIN=''
ECHO_C=''
ECHO_N='-n'
ECHO_T=''
EGREP='/bin/grep -E'
EXEEXT=''
FGREP='/bin/grep -F'
GREP='/bin/grep'
HASHPIPE_INCDIR='/usr/local/include'
HASHPIPE_LIBDIR='/usr/local/lib'
INSTALL_DATA='${INSTALL} -m 644'
INSTALL_PROGRAM='${INSTALL}'
INSTALL_SCRIPT='${INSTALL}'
INSTALL_STRIP_PROGRAM='$(install_sh) -c -s'
LD='/usr/bin/ld -m elf_x86_64'
LDFLAGS=''
LIBOBJS=''
LIBS='-lz -lrt -lpthread '
LIBTOOL='$(SHELL) $(top_builddir)/libtool'
LIPO=''
LN_S='ln -s'
LTLIBOBJS=''
MAKEINFO='${SHELL} /home/rablack/FLAG/hash_grating/src/missing --run makeinfo'
MKDIR_P='/bin/mkdir -p'
NM='/usr/bin/nm -B'
NMEDIT=''
OBJDUMP='objdump'
OBJEXT='o'
OTOOL64=''
OTOOL=''
PACKAGE='full-package-name'
PACKAGE_BUGREPORT='BUG-REPORT-ADDRESS'
PACKAGE_NAME='FULL-PACKAGE-NAME'
PACKAGE_STRING='FULL-PACKAGE-NAME VERSION'
PACKAGE_TARNAME='full-package-name'
PACKAGE_URL=''
PACKAGE_VERSION='VERSION'
PATH_SEPARATOR=':'
RANLIB='ranlib'
SED='/bin/sed'
SET_MAKE=''
SHELL='/bin/sh'
STRIP='strip'
VERSION='VERSION'
ac_ct_CC='gcc'
ac_ct_DUMPBIN=''
am__EXEEXT_FALSE=''
am__EXEEXT_TRUE='#'
am__fastdepCC_FALSE='#'
am__fastdepCC_TRUE=''
am__include='include'
am__isrc=''
am__leading_dot='.'
am__quote=''
am__tar='${AMTAR} chof - "$$tardir"'
am__untar='${AMTAR} xf -'
bindir='${exec_prefix}/bin'
build='x86_64-unknown-linux-gnu'
build_alias=''
build_cpu='x86_64'
build_os='linux-gnu'
build_vendor='unknown'
datadir='${datarootdir}'
datarootdir='${prefix}/share'
docdir='${datarootdir}/doc/${PACKAGE_TARNAME}'
dvidir='${docdir}'
exec_prefix='${prefix}'
host='x86_64-unknown-linux-gnu'
host_alias=''
host_cpu='x86_64'
host_os='linux-gnu'
host_vendor='unknown'
htmldir='${docdir}'
includedir='${prefix}/include'
infodir='${datarootdir}/info'
install_sh='${SHELL} /home/rablack/FLAG/hash_grating/src/install-sh'
libdir='${exec_prefix}/lib'
libexecdir='${exec_prefix}/libexec'
localedir='${datarootdir}/locale'
localstatedir='${prefix}/var'
lt_ECHO='echo'
mandir='${datarootdir}/man'
mkdir_p='/bin/mkdir -p'
oldincludedir='/usr/include'
pdfdir='${docdir}'
prefix='/usr/local'
program_transform_name='s,x,x,'
psdir='${docdir}'
sbindir='${exec_prefix}/sbin'
sharedstatedir='${prefix}/com'
sysconfdir='${prefix}/etc'
target_alias=''

## ----------- ##
## confdefs.h. ##
## ----------- ##

/* confdefs.h */
#define PACKAGE_NAME "FULL-PACKAGE-NAME"
#define PACKAGE_TARNAME "full-package-name"
#define PACKAGE_VERSION "VERSION"
#define PACKAGE_STRING "FULL-PACKAGE-NAME VERSION"
#define PACKAGE_BUGREPORT "BUG-REPORT-ADDRESS"
#define PACKAGE_URL ""
#define PACKAGE "full-package-name"
#define VERSION "VERSION"
#define STDC_HEADERS 1
#define HAVE_SYS_TYPES_H 1
#define HAVE_SYS_STAT_H 1
#define HAVE_STDLIB_H 1
#define HAVE_STRING_H 1
#define HAVE_MEMORY_H 1
#define HAVE_STRINGS_H 1
#define HAVE_INTTYPES_H 1
#define HAVE_STDINT_H 1
#define HAVE_UNISTD_H 1
#define HAVE_DLFCN_H 1
#define LT_OBJDIR ".libs/"
#define HAVE_LIBPTHREAD 1
#define HAVE_LIBRT 1
#define HAVE_LIBZ 1
#define HAVE_NETDB_H 1
#define HAVE_STDINT_H 1
#define HAVE_STDLIB_H 1
#define HAVE_STRING_H 1
#define HAVE_SYS_SOCKET_H 1
#define HAVE_SYS_TIME_H 1
#define HAVE_UNISTD_H 1
#define HAVE_ZLIB_H 1
#define HAVE_STDLIB_H 1
#define HAVE_MALLOC 1
#define HAVE_CLOCK_GETTIME 1
#define HAVE_MEMSET 1
#define HAVE_SOCKET 1
#define HAVE_CRC32 1

configure: exit 0
