This file contains any messages produced by compilers while
running configure, to aid debugging if configure makes a mistake.

It was created by FULL-PACKAGE-NAME configure VERSION, which was
generated by GNU Autoconf 2.69.  Invocation command line was

  $ ./configure 

## --------- ##
## Platform. ##
## --------- ##

hostname = flag5
uname -m = x86_64
uname -r = 2.6.32-504.12.2.el6.x86_64
uname -s = Linux
uname -v = #1 SMP Sun Feb 1 12:14:02 EST 2015

/usr/bin/uname -p = unknown
/bin/uname -X     = unknown

/bin/arch              = x86_64
/usr/bin/arch -k       = unknown
/usr/convex/getsysinfo = unknown
/usr/bin/hostinfo      = unknown
/bin/machine           = unknown
/usr/bin/oslevel       = unknown
/bin/universe          = unknown

PATH: /usr/lib64/qt-3.3/bin
PATH: /usr/local/bin
PATH: /bin
PATH: /usr/bin
PATH: /usr/local/sbin
PATH: /usr/sbin
PATH: /sbin
PATH: /home/rablack/bin
PATH: /usr/local/cuda-7.0/bin


## ----------- ##
## Core tests. ##
## ----------- ##

configure:2578: checking for a BSD-compatible install
configure:2646: result: /usr/bin/install -c
configure:2657: checking whether build environment is sane
configure:2707: result: yes
configure:2848: checking for a thread-safe mkdir -p
configure:2887: result: /bin/mkdir -p
configure:2900: checking for gawk
configure:2916: found /bin/gawk
configure:2927: result: gawk
configure:2938: checking whether make sets $(MAKE)
configure:2960: result: yes
configure:3069: checking build system type
configure:3083: result: x86_64-unknown-linux-gnu
configure:3103: checking host system type
configure:3116: result: x86_64-unknown-linux-gnu
configure:3148: checking for style of include used by make
configure:3176: result: GNU
configure:3246: checking for gcc
configure:3262: found /usr/bin/gcc
configure:3273: result: gcc
configure:3502: checking for C compiler version
configure:3511: gcc --version >&5
gcc (GCC) 4.4.7 20120313 (Red Hat 4.4.7-16)
Copyright (C) 2010 Free Software Foundation, Inc.
This is free software; see the source for copying conditions.  There is NO
warranty; not even for MERCHANTABILITY or FITNESS FOR A PARTICULAR PURPOSE.

configure:3522: $? = 0
configure:3511: gcc -v >&5
Using built-in specs.
Target: x86_64-redhat-linux
Configured with: ../configure --prefix=/usr --mandir=/usr/share/man --infodir=/usr/share/info --with-bugurl=http://bugzilla.redhat.com/bugzilla --enable-bootstrap --enable-shared --enable-threads=posix --enable-checking=release --with-system-zlib --enable-__cxa_atexit --disable-libunwind-exceptions --enable-gnu-unique-object --enable-languages=c,c++,objc,obj-c++,java,fortran,ada --enable-java-awt=gtk --disable-dssi --with-java-home=/usr/lib/jvm/java-1.5.0-gcj-1.5.0.0/jre --enable-libgcj-multifile --enable-java-maintainer-mode --with-ecj-jar=/usr/share/java/eclipse-ecj.jar --disable-libjava-multilib --with-ppl --with-cloog --with-tune=generic --with-arch_32=i686 --build=x86_64-redhat-linux
Thread model: posix
gcc version 4.4.7 20120313 (Red Hat 4.4.7-16) (GCC) 
configure:3522: $? = 0
configure:3511: gcc -V >&5
gcc: '-V' option must have argument
configure:3522: $? = 1
configure:3511: gcc -qversion >&5
gcc: unrecognized option '-qversion'
gcc: no input files
configure:3522: $? = 1
configure:3542: checking whether the C compiler works
configure:3564: gcc    conftest.c  >&5
configure:3568: $? = 0
configure:3616: result: yes
configure:3619: checking for C compiler default output file name
configure:3621: result: a.out
configure:3627: checking for suffix of executables
configure:3634: gcc -o conftest    conftest.c  >&5
configure:3638: $? = 0
configure:3660: result: 
configure:3682: checking whether we are cross compiling
configure:3690: gcc -o conftest    conftest.c  >&5
configure:3694: $? = 0
configure:3701: ./conftest
configure:3705: $? = 0
configure:3720: result: no
configure:3725: checking for suffix of object files
configure:3747: gcc -c   conftest.c >&5
configure:3751: $? = 0
configure:3772: result: o
configure:3776: checking whether we are using the GNU C compiler
configure:3795: gcc -c   conftest.c >&5
configure:3795: $? = 0
configure:3804: result: yes
configure:3813: checking whether gcc accepts -g
configure:3833: gcc -c -g  conftest.c >&5
configure:3833: $? = 0
configure:3874: result: yes
configure:3891: checking for gcc option to accept ISO C89
configure:3954: gcc  -c -g -O2  conftest.c >&5
configure:3954: $? = 0
configure:3967: result: none needed
configure:3989: checking dependency style of gcc
configure:4099: result: gcc3
configure:4114: checking for a sed that does not truncate output
configure:4178: result: /bin/sed
configure:4196: checking for grep that handles long lines and -e
configure:4254: result: /bin/grep
configure:4259: checking for egrep
configure:4321: result: /bin/grep -E
configure:4326: checking for fgrep
configure:4388: result: /bin/grep -F
configure:4423: checking for ld used by gcc
configure:4490: result: /usr/bin/ld
configure:4497: checking if the linker (/usr/bin/ld) is GNU ld
configure:4512: result: yes
configure:4524: checking for BSD- or MS-compatible name lister (nm)
configure:4573: result: /usr/bin/nm -B
configure:4691: checking the name lister (/usr/bin/nm -B) interface
configure:4698: gcc -c -g -O2  conftest.c >&5
configure:4701: /usr/bin/nm -B "conftest.o"
configure:4704: output
0000000000000000 B some_variable
configure:4711: result: BSD nm
configure:4714: checking whether ln -s works
configure:4718: result: yes
configure:4726: checking the maximum length of command line arguments
configure:4846: result: 1966080
configure:4863: checking whether the shell understands some XSI constructs
configure:4873: result: yes
configure:4877: checking whether the shell understands "+="
configure:4883: result: yes
configure:4918: checking for /usr/bin/ld option to reload object files
configure:4925: result: -r
configure:4994: checking for objdump
configure:5010: found /usr/bin/objdump
configure:5021: result: objdump
configure:5053: checking how to recognize dependent libraries
configure:5249: result: pass_all
configure:5309: checking for ar
configure:5325: found /usr/bin/ar
configure:5336: result: ar
configure:5414: checking for strip
configure:5430: found /usr/bin/strip
configure:5441: result: strip
configure:5513: checking for ranlib
configure:5529: found /usr/bin/ranlib
configure:5540: result: ranlib
configure:5630: checking command to parse /usr/bin/nm -B output from gcc object
configure:5748: gcc -c -g -O2  conftest.c >&5
configure:5751: $? = 0
configure:5755: /usr/bin/nm -B conftest.o \| sed -n -e 's/^.*[	 ]\([ABCDGIRSTW][ABCDGIRSTW]*\)[	 ][	 ]*\([_A-Za-z][_A-Za-z0-9]*\)$/\1 \2 \2/p' \> conftest.nm
configure:5758: $? = 0
configure:5812: gcc -o conftest -g -O2   conftest.c conftstm.o >&5
configure:5815: $? = 0
configure:5853: result: ok
configure:5949: gcc -c -g -O2  conftest.c >&5
configure:5952: $? = 0
configure:6662: checking how to run the C preprocessor
configure:6693: gcc -E  conftest.c
configure:6693: $? = 0
configure:6707: gcc -E  conftest.c
conftest.c:11:28: error: ac_nonexistent.h: No such file or directory
configure:6707: $? = 1
configure: failed program was:
| /* confdefs.h */
| #define PACKAGE_NAME "FULL-PACKAGE-NAME"
| #define PACKAGE_TARNAME "full-package-name"
| #define PACKAGE_VERSION "VERSION"
| #define PACKAGE_STRING "FULL-PACKAGE-NAME VERSION"
| #define PACKAGE_BUGREPORT "BUG-REPORT-ADDRESS"
| #define PACKAGE_URL ""
| #define PACKAGE "full-package-name"
| #define VERSION "VERSION"
| /* end confdefs.h.  */
| #include <ac_nonexistent.h>
configure:6732: result: gcc -E
configure:6752: gcc -E  conftest.c
configure:6752: $? = 0
configure:6766: gcc -E  conftest.c
conftest.c:11:28: error: ac_nonexistent.h: No such file or directory
configure:6766: $? = 1
configure: failed program was:
| /* confdefs.h */
| #define PACKAGE_NAME "FULL-PACKAGE-NAME"
| #define PACKAGE_TARNAME "full-package-name"
| #define PACKAGE_VERSION "VERSION"
| #define PACKAGE_STRING "FULL-PACKAGE-NAME VERSION"
| #define PACKAGE_BUGREPORT "BUG-REPORT-ADDRESS"
| #define PACKAGE_URL ""
| #define PACKAGE "full-package-name"
| #define VERSION "VERSION"
| /* end confdefs.h.  */
| #include <ac_nonexistent.h>
configure:6795: checking for ANSI C header files
configure:6815: gcc -c -g -O2  conftest.c >&5
configure:6815: $? = 0
configure:6888: gcc -o conftest -g -O2   conftest.c  >&5
configure:6888: $? = 0
configure:6888: ./conftest
configure:6888: $? = 0
configure:6899: result: yes
configure:6912: checking for sys/types.h
configure:6912: gcc -c -g -O2  conftest.c >&5
configure:6912: $? = 0
configure:6912: result: yes
configure:6912: checking for sys/stat.h
configure:6912: gcc -c -g -O2  conftest.c >&5
configure:6912: $? = 0
configure:6912: result: yes
configure:6912: checking for stdlib.h
configure:6912: gcc -c -g -O2  conftest.c >&5
configure:6912: $? = 0
configure:6912: result: yes
configure:6912: checking for string.h
configure:6912: gcc -c -g -O2  conftest.c >&5
configure:6912: $? = 0
configure:6912: result: yes
configure:6912: checking for memory.h
configure:6912: gcc -c -g -O2  conftest.c >&5
configure:6912: $? = 0
configure:6912: result: yes
configure:6912: checking for strings.h
configure:6912: gcc -c -g -O2  conftest.c >&5
configure:6912: $? = 0
configure:6912: result: yes
configure:6912: checking for inttypes.h
configure:6912: gcc -c -g -O2  conftest.c >&5
configure:6912: $? = 0
configure:6912: result: yes
configure:6912: checking for stdint.h
configure:6912: gcc -c -g -O2  conftest.c >&5
configure:6912: $? = 0
configure:6912: result: yes
configure:6912: checking for unistd.h
configure:6912: gcc -c -g -O2  conftest.c >&5
configure:6912: $? = 0
configure:6912: result: yes
configure:6926: checking for dlfcn.h
configure:6926: gcc -c -g -O2  conftest.c >&5
configure:6926: $? = 0
configure:6926: result: yes
configure:7110: checking for objdir
configure:7125: result: .libs
configure:7421: checking if gcc supports -fno-rtti -fno-exceptions
configure:7439: gcc -c -g -O2  -fno-rtti -fno-exceptions conftest.c >&5
cc1: warning: command line option "-fno-rtti" is valid for C++/ObjC++ but not for C
configure:7443: $? = 0
configure:7456: result: no
configure:7476: checking for gcc option to produce PIC
configure:7748: result: -fPIC -DPIC
configure:7760: checking if gcc PIC flag -fPIC -DPIC works
configure:7778: gcc -c -g -O2  -fPIC -DPIC -DPIC conftest.c >&5
configure:7782: $? = 0
configure:7795: result: yes
configure:7819: checking if gcc static flag -static works
configure:7847: result: no
configure:7862: checking if gcc supports -c -o file.o
configure:7883: gcc -c -g -O2  -o out/conftest2.o conftest.c >&5
configure:7887: $? = 0
configure:7909: result: yes
configure:7917: checking if gcc supports -c -o file.o
configure:7964: result: yes
configure:7997: checking whether the gcc linker (/usr/bin/ld -m elf_x86_64) supports shared libraries
configure:8983: result: yes
configure:9020: checking whether -lc should be explicitly linked in
configure:9025: gcc -c -g -O2  conftest.c >&5
configure:9028: $? = 0
configure:9043: gcc -shared conftest.o  -v -Wl,-soname -Wl,conftest -o conftest 2\>\&1 \| /bin/grep  -lc  \>/dev/null 2\>\&1
configure:9046: $? = 0
configure:9058: result: no
configure:9222: checking dynamic linker characteristics
configure:9655: gcc -o conftest -g -O2   -Wl,-rpath -Wl,/foo conftest.c  >&5
configure:9655: $? = 0
configure:9876: result: GNU/Linux ld.so
configure:9978: checking how to hardcode library paths into programs
configure:10003: result: immediate
configure:10523: checking whether stripping libraries is possible
configure:10528: result: yes
configure:10563: checking if libtool supports shared libraries
configure:10565: result: yes
configure:10568: checking whether to build shared libraries
configure:10589: result: yes
configure:10592: checking whether to build static libraries
configure:10596: result: yes
configure:10708: checking for gcc
configure:10735: result: gcc
configure:10964: checking for C compiler version
configure:10973: gcc --version >&5
gcc (GCC) 4.4.7 20120313 (Red Hat 4.4.7-16)
Copyright (C) 2010 Free Software Foundation, Inc.
This is free software; see the source for copying conditions.  There is NO
warranty; not even for MERCHANTABILITY or FITNESS FOR A PARTICULAR PURPOSE.

configure:10984: $? = 0
configure:10973: gcc -v >&5
Using built-in specs.
Target: x86_64-redhat-linux
Configured with: ../configure --prefix=/usr --mandir=/usr/share/man --infodir=/usr/share/info --with-bugurl=http://bugzilla.redhat.com/bugzilla --enable-bootstrap --enable-shared --enable-threads=posix --enable-checking=release --with-system-zlib --enable-__cxa_atexit --disable-libunwind-exceptions --enable-gnu-unique-object --enable-languages=c,c++,objc,obj-c++,java,fortran,ada --enable-java-awt=gtk --disable-dssi --with-java-home=/usr/lib/jvm/java-1.5.0-gcj-1.5.0.0/jre --enable-libgcj-multifile --enable-java-maintainer-mode --with-ecj-jar=/usr/share/java/eclipse-ecj.jar --disable-libjava-multilib --with-ppl --with-cloog --with-tune=generic --with-arch_32=i686 --build=x86_64-redhat-linux
Thread model: posix
gcc version 4.4.7 20120313 (Red Hat 4.4.7-16) (GCC) 
configure:10984: $? = 0
configure:10973: gcc -V >&5
gcc: '-V' option must have argument
configure:10984: $? = 1
configure:10973: gcc -qversion >&5
gcc: unrecognized option '-qversion'
gcc: no input files
configure:10984: $? = 1
configure:10988: checking whether we are using the GNU C compiler
configure:11016: result: yes
configure:11025: checking whether gcc accepts -g
configure:11086: result: yes
configure:11103: checking for gcc option to accept ISO C89
configure:11179: result: none needed
configure:11201: checking dependency style of gcc
configure:11311: result: gcc3
configure:11339: checking for hashpipe_databuf_create in -lhashpipe
configure:11364: gcc -o conftest -g -O2   -L/usr/local/lib conftest.c -lhashpipe   >&5
configure:11364: $? = 0
configure:11373: result: yes
configure:11433: checking for /usr/local/include/hashpipe.h
configure:11447: result: yes
configure:11496: checking for xgpuInfo in -lxgpu
configure:11521: gcc -o conftest -g -O2   -L/usr/local/lib conftest.c -lxgpu   >&5
configure:11521: $? = 0
configure:11530: result: yes
configure:11590: checking for /usr/local/include/xgpu.h
configure:11604: result: yes
configure:11642: checking for /usr/local/bin/xgpuinfo
configure:11656: result: yes
configure:11722: checking for library containing run_beamformer
configure:11753: gcc -o conftest -g -O2   -L/lib conftest.c  >&5
/tmp/ccGgxzad.o: In function `main':
/home/rablack/FLAG/flag_gpu/standalone/beamformer_rt/src/conftest.c:37: undefined reference to `run_beamformer'
collect2: ld returned 1 exit status
configure:11753: $? = 1
configure: failed program was:
| /* confdefs.h */
| #define PACKAGE_NAME "FULL-PACKAGE-NAME"
| #define PACKAGE_TARNAME "full-package-name"
| #define PACKAGE_VERSION "VERSION"
| #define PACKAGE_STRING "FULL-PACKAGE-NAME VERSION"
| #define PACKAGE_BUGREPORT "BUG-REPORT-ADDRESS"
| #define PACKAGE_URL ""
| #define PACKAGE "full-package-name"
| #define VERSION "VERSION"
| #define STDC_HEADERS 1
| #define HAVE_SYS_TYPES_H 1
| #define HAVE_SYS_STAT_H 1
| #define HAVE_STDLIB_H 1
| #define HAVE_STRING_H 1
| #define HAVE_MEMORY_H 1
| #define HAVE_STRINGS_H 1
| #define HAVE_INTTYPES_H 1
| #define HAVE_STDINT_H 1
| #define HAVE_UNISTD_H 1
| #define HAVE_DLFCN_H 1
| #define LT_OBJDIR ".libs/"
| #define XGPU_NSTATION 32
| #define XGPU_NFREQUENCY 50
| #define XGPU_NTIME 40
| /* end confdefs.h.  */
| 
| /* Override any GCC internal prototype to avoid an error.
|    Use char because int might match the return type of a GCC
|    builtin and then its argument prototype would still apply.  */
| #ifdef __cplusplus
| extern "C"
| #endif
| char run_beamformer ();
| int
| main ()
| {
| return run_beamformer ();
|   ;
|   return 0;
| }
configure:11753: gcc -o conftest -g -O2   -L/lib conftest.c -lflagbeamformer   >&5
configure:11753: $? = 0
configure:11770: result: -lflagbeamformer
configure:11830: checking for /usr/local/include/flag_beamformer.h
configure:11844: result: yes
configure:11883: checking for pthread_create in -lpthread
configure:11908: gcc -o conftest -g -O2   conftest.c -lpthread  -lflagbeamformer  >&5
configure:11908: $? = 0
configure:11917: result: yes
configure:11928: checking for clock_gettime in -lrt
configure:11953: gcc -o conftest -g -O2   conftest.c -lrt  -lpthread -lflagbeamformer  >&5
configure:11953: $? = 0
configure:11962: result: yes
configure:11973: checking for crc32 in -lz
configure:11998: gcc -o conftest -g -O2   conftest.c -lz  -lrt -lpthread -lflagbeamformer  >&5
/usr/bin/ld: cannot find -lz
collect2: ld returned 1 exit status
configure:11998: $? = 1
configure: failed program was:
| /* confdefs.h */
| #define PACKAGE_NAME "FULL-PACKAGE-NAME"
| #define PACKAGE_TARNAME "full-package-name"
| #define PACKAGE_VERSION "VERSION"
| #define PACKAGE_STRING "FULL-PACKAGE-NAME VERSION"
| #define PACKAGE_BUGREPORT "BUG-REPORT-ADDRESS"
| #define PACKAGE_URL ""
| #define PACKAGE "full-package-name"
| #define VERSION "VERSION"
| #define STDC_HEADERS 1
| #define HAVE_SYS_TYPES_H 1
| #define HAVE_SYS_STAT_H 1
| #define HAVE_STDLIB_H 1
| #define HAVE_STRING_H 1
| #define HAVE_MEMORY_H 1
| #define HAVE_STRINGS_H 1
| #define HAVE_INTTYPES_H 1
| #define HAVE_STDINT_H 1
| #define HAVE_UNISTD_H 1
| #define HAVE_DLFCN_H 1
| #define LT_OBJDIR ".libs/"
| #define XGPU_NSTATION 32
| #define XGPU_NFREQUENCY 50
| #define XGPU_NTIME 40
| #define HAVE_LIBPTHREAD 1
| #define HAVE_LIBRT 1
| /* end confdefs.h.  */
| 
| /* Override any GCC internal prototype to avoid an error.
|    Use char because int might match the return type of a GCC
|    builtin and then its argument prototype would still apply.  */
| #ifdef __cplusplus
| extern "C"
| #endif
| char crc32 ();
| int
| main ()
| {
| return crc32 ();
|   ;
|   return 0;
| }
configure:12007: result: no
configure:12023: checking netdb.h usability
configure:12023: gcc -c -g -O2  conftest.c >&5
configure:12023: $? = 0
configure:12023: result: yes
configure:12023: checking netdb.h presence
configure:12023: gcc -E  conftest.c
configure:12023: $? = 0
configure:12023: result: yes
configure:12023: checking for netdb.h
configure:12023: result: yes
configure:12023: checking for stdint.h
configure:12023: result: yes
configure:12023: checking for stdlib.h
configure:12023: result: yes
configure:12023: checking for string.h
configure:12023: result: yes
configure:12023: checking sys/socket.h usability
configure:12023: gcc -c -g -O2  conftest.c >&5
configure:12023: $? = 0
configure:12023: result: yes
configure:12023: checking sys/socket.h presence
configure:12023: gcc -E  conftest.c
configure:12023: $? = 0
configure:12023: result: yes
configure:12023: checking for sys/socket.h
configure:12023: result: yes
configure:12023: checking sys/time.h usability
configure:12023: gcc -c -g -O2  conftest.c >&5
configure:12023: $? = 0
configure:12023: result: yes
configure:12023: checking sys/time.h presence
configure:12023: gcc -E  conftest.c
configure:12023: $? = 0
configure:12023: result: yes
configure:12023: checking for sys/time.h
configure:12023: result: yes
configure:12023: checking for unistd.h
configure:12023: result: yes
configure:12023: checking zlib.h usability
configure:12023: gcc -c -g -O2  conftest.c >&5
conftest.c:68:18: error: zlib.h: No such file or directory
configure:12023: $? = 1
configure: failed program was:
| /* confdefs.h */
| #define PACKAGE_NAME "FULL-PACKAGE-NAME"
| #define PACKAGE_TARNAME "full-package-name"
| #define PACKAGE_VERSION "VERSION"
| #define PACKAGE_STRING "FULL-PACKAGE-NAME VERSION"
| #define PACKAGE_BUGREPORT "BUG-REPORT-ADDRESS"
| #define PACKAGE_URL ""
| #define PACKAGE "full-package-name"
| #define VERSION "VERSION"
| #define STDC_HEADERS 1
| #define HAVE_SYS_TYPES_H 1
| #define HAVE_SYS_STAT_H 1
| #define HAVE_STDLIB_H 1
| #define HAVE_STRING_H 1
| #define HAVE_MEMORY_H 1
| #define HAVE_STRINGS_H 1
| #define HAVE_INTTYPES_H 1
| #define HAVE_STDINT_H 1
| #define HAVE_UNISTD_H 1
| #define HAVE_DLFCN_H 1
| #define LT_OBJDIR ".libs/"
| #define XGPU_NSTATION 32
| #define XGPU_NFREQUENCY 50
| #define XGPU_NTIME 40
| #define HAVE_LIBPTHREAD 1
| #define HAVE_LIBRT 1
| #define HAVE_NETDB_H 1
| #define HAVE_STDINT_H 1
| #define HAVE_STDLIB_H 1
| #define HAVE_STRING_H 1
| #define HAVE_SYS_SOCKET_H 1
| #define HAVE_SYS_TIME_H 1
| #define HAVE_UNISTD_H 1
| /* end confdefs.h.  */
| #include <stdio.h>
| #ifdef HAVE_SYS_TYPES_H
| # include <sys/types.h>
| #endif
| #ifdef HAVE_SYS_STAT_H
| # include <sys/stat.h>
| #endif
| #ifdef STDC_HEADERS
| # include <stdlib.h>
| # include <stddef.h>
| #else
| # ifdef HAVE_STDLIB_H
| #  include <stdlib.h>
| # endif
| #endif
| #ifdef HAVE_STRING_H
| # if !defined STDC_HEADERS && defined HAVE_MEMORY_H
| #  include <memory.h>
| # endif
| # include <string.h>
| #endif
| #ifdef HAVE_STRINGS_H
| # include <strings.h>
| #endif
| #ifdef HAVE_INTTYPES_H
| # include <inttypes.h>
| #endif
| #ifdef HAVE_STDINT_H
| # include <stdint.h>
| #endif
| #ifdef HAVE_UNISTD_H
| # include <unistd.h>
| #endif
| #include <zlib.h>
configure:12023: result: no
configure:12023: checking zlib.h presence
configure:12023: gcc -E  conftest.c
conftest.c:35:18: error: zlib.h: No such file or directory
configure:12023: $? = 1
configure: failed program was:
| /* confdefs.h */
| #define PACKAGE_NAME "FULL-PACKAGE-NAME"
| #define PACKAGE_TARNAME "full-package-name"
| #define PACKAGE_VERSION "VERSION"
| #define PACKAGE_STRING "FULL-PACKAGE-NAME VERSION"
| #define PACKAGE_BUGREPORT "BUG-REPORT-ADDRESS"
| #define PACKAGE_URL ""
| #define PACKAGE "full-package-name"
| #define VERSION "VERSION"
| #define STDC_HEADERS 1
| #define HAVE_SYS_TYPES_H 1
| #define HAVE_SYS_STAT_H 1
| #define HAVE_STDLIB_H 1
| #define HAVE_STRING_H 1
| #define HAVE_MEMORY_H 1
| #define HAVE_STRINGS_H 1
| #define HAVE_INTTYPES_H 1
| #define HAVE_STDINT_H 1
| #define HAVE_UNISTD_H 1
| #define HAVE_DLFCN_H 1
| #define LT_OBJDIR ".libs/"
| #define XGPU_NSTATION 32
| #define XGPU_NFREQUENCY 50
| #define XGPU_NTIME 40
| #define HAVE_LIBPTHREAD 1
| #define HAVE_LIBRT 1
| #define HAVE_NETDB_H 1
| #define HAVE_STDINT_H 1
| #define HAVE_STDLIB_H 1
| #define HAVE_STRING_H 1
| #define HAVE_SYS_SOCKET_H 1
| #define HAVE_SYS_TIME_H 1
| #define HAVE_UNISTD_H 1
| /* end confdefs.h.  */
| #include <zlib.h>
configure:12023: result: no
configure:12023: checking for zlib.h
configure:12023: result: no
configure:12035: checking for inline
configure:12051: gcc -c -g -O2  conftest.c >&5
configure:12051: $? = 0
configure:12059: result: inline
configure:12077: checking for int32_t
configure:12077: gcc -c -g -O2  conftest.c >&5
configure:12077: $? = 0
configure:12077: gcc -c -g -O2  conftest.c >&5
conftest.c: In function 'main':
conftest.c:73: warning: integer overflow in expression
conftest.c:73: error: size of array 'test_array' is negative
configure:12077: $? = 1
configure: failed program was:
| /* confdefs.h */
| #define PACKAGE_NAME "FULL-PACKAGE-NAME"
| #define PACKAGE_TARNAME "full-package-name"
| #define PACKAGE_VERSION "VERSION"
| #define PACKAGE_STRING "FULL-PACKAGE-NAME VERSION"
| #define PACKAGE_BUGREPORT "BUG-REPORT-ADDRESS"
| #define PACKAGE_URL ""
| #define PACKAGE "full-package-name"
| #define VERSION "VERSION"
| #define STDC_HEADERS 1
| #define HAVE_SYS_TYPES_H 1
| #define HAVE_SYS_STAT_H 1
| #define HAVE_STDLIB_H 1
| #define HAVE_STRING_H 1
| #define HAVE_MEMORY_H 1
| #define HAVE_STRINGS_H 1
| #define HAVE_INTTYPES_H 1
| #define HAVE_STDINT_H 1
| #define HAVE_UNISTD_H 1
| #define HAVE_DLFCN_H 1
| #define LT_OBJDIR ".libs/"
| #define XGPU_NSTATION 32
| #define XGPU_NFREQUENCY 50
| #define XGPU_NTIME 40
| #define HAVE_LIBPTHREAD 1
| #define HAVE_LIBRT 1
| #define HAVE_NETDB_H 1
| #define HAVE_STDINT_H 1
| #define HAVE_STDLIB_H 1
| #define HAVE_STRING_H 1
| #define HAVE_SYS_SOCKET_H 1
| #define HAVE_SYS_TIME_H 1
| #define HAVE_UNISTD_H 1
| /* end confdefs.h.  */
| #include <stdio.h>
| #ifdef HAVE_SYS_TYPES_H
| # include <sys/types.h>
| #endif
| #ifdef HAVE_SYS_STAT_H
| # include <sys/stat.h>
| #endif
| #ifdef STDC_HEADERS
| # include <stdlib.h>
| # include <stddef.h>
| #else
| # ifdef HAVE_STDLIB_H
| #  include <stdlib.h>
| # endif
| #endif
| #ifdef HAVE_STRING_H
| # if !defined STDC_HEADERS && defined HAVE_MEMORY_H
| #  include <memory.h>
| # endif
| # include <string.h>
| #endif
| #ifdef HAVE_STRINGS_H
| # include <strings.h>
| #endif
| #ifdef HAVE_INTTYPES_H
| # include <inttypes.h>
| #endif
| #ifdef HAVE_STDINT_H
| # include <stdint.h>
| #endif
| #ifdef HAVE_UNISTD_H
| # include <unistd.h>
| #endif
| 	        enum { N = 32 / 2 - 1 };
| int
| main ()
| {
| static int test_array [1 - 2 * !((int32_t) (((((int32_t) 1 << N) << N) - 1) * 2 + 1)
| 		 < (int32_t) (((((int32_t) 1 << N) << N) - 1) * 2 + 2))];
| test_array [0] = 0;
| return test_array [0];
| 
|   ;
|   return 0;
| }
configure:12077: result: yes
configure:12088: checking for int64_t
configure:12088: gcc -c -g -O2  conftest.c >&5
configure:12088: $? = 0
configure:12088: gcc -c -g -O2  conftest.c >&5
conftest.c: In function 'main':
conftest.c:73: warning: integer overflow in expression
conftest.c:73: error: size of array 'test_array' is negative
configure:12088: $? = 1
configure: failed program was:
| /* confdefs.h */
| #define PACKAGE_NAME "FULL-PACKAGE-NAME"
| #define PACKAGE_TARNAME "full-package-name"
| #define PACKAGE_VERSION "VERSION"
| #define PACKAGE_STRING "FULL-PACKAGE-NAME VERSION"
| #define PACKAGE_BUGREPORT "BUG-REPORT-ADDRESS"
| #define PACKAGE_URL ""
| #define PACKAGE "full-package-name"
| #define VERSION "VERSION"
| #define STDC_HEADERS 1
| #define HAVE_SYS_TYPES_H 1
| #define HAVE_SYS_STAT_H 1
| #define HAVE_STDLIB_H 1
| #define HAVE_STRING_H 1
| #define HAVE_MEMORY_H 1
| #define HAVE_STRINGS_H 1
| #define HAVE_INTTYPES_H 1
| #define HAVE_STDINT_H 1
| #define HAVE_UNISTD_H 1
| #define HAVE_DLFCN_H 1
| #define LT_OBJDIR ".libs/"
| #define XGPU_NSTATION 32
| #define XGPU_NFREQUENCY 50
| #define XGPU_NTIME 40
| #define HAVE_LIBPTHREAD 1
| #define HAVE_LIBRT 1
| #define HAVE_NETDB_H 1
| #define HAVE_STDINT_H 1
| #define HAVE_STDLIB_H 1
| #define HAVE_STRING_H 1
| #define HAVE_SYS_SOCKET_H 1
| #define HAVE_SYS_TIME_H 1
| #define HAVE_UNISTD_H 1
| /* end confdefs.h.  */
| #include <stdio.h>
| #ifdef HAVE_SYS_TYPES_H
| # include <sys/types.h>
| #endif
| #ifdef HAVE_SYS_STAT_H
| # include <sys/stat.h>
| #endif
| #ifdef STDC_HEADERS
| # include <stdlib.h>
| # include <stddef.h>
| #else
| # ifdef HAVE_STDLIB_H
| #  include <stdlib.h>
| # endif
| #endif
| #ifdef HAVE_STRING_H
| # if !defined STDC_HEADERS && defined HAVE_MEMORY_H
| #  include <memory.h>
| # endif
| # include <string.h>
| #endif
| #ifdef HAVE_STRINGS_H
| # include <strings.h>
| #endif
| #ifdef HAVE_INTTYPES_H
| # include <inttypes.h>
| #endif
| #ifdef HAVE_STDINT_H
| # include <stdint.h>
| #endif
| #ifdef HAVE_UNISTD_H
| # include <unistd.h>
| #endif
| 	        enum { N = 64 / 2 - 1 };
| int
| main ()
| {
| static int test_array [1 - 2 * !((int64_t) (((((int64_t) 1 << N) << N) - 1) * 2 + 1)
| 		 < (int64_t) (((((int64_t) 1 << N) << N) - 1) * 2 + 2))];
| test_array [0] = 0;
| return test_array [0];
| 
|   ;
|   return 0;
| }
configure:12088: result: yes
configure:12099: checking for off_t
configure:12099: gcc -c -g -O2  conftest.c >&5
configure:12099: $? = 0
configure:12099: gcc -c -g -O2  conftest.c >&5
conftest.c: In function 'main':
conftest.c:71: error: expected expression before ')' token
configure:12099: $? = 1
configure: failed program was:
| /* confdefs.h */
| #define PACKAGE_NAME "FULL-PACKAGE-NAME"
| #define PACKAGE_TARNAME "full-package-name"
| #define PACKAGE_VERSION "VERSION"
| #define PACKAGE_STRING "FULL-PACKAGE-NAME VERSION"
| #define PACKAGE_BUGREPORT "BUG-REPORT-ADDRESS"
| #define PACKAGE_URL ""
| #define PACKAGE "full-package-name"
| #define VERSION "VERSION"
| #define STDC_HEADERS 1
| #define HAVE_SYS_TYPES_H 1
| #define HAVE_SYS_STAT_H 1
| #define HAVE_STDLIB_H 1
| #define HAVE_STRING_H 1
| #define HAVE_MEMORY_H 1
| #define HAVE_STRINGS_H 1
| #define HAVE_INTTYPES_H 1
| #define HAVE_STDINT_H 1
| #define HAVE_UNISTD_H 1
| #define HAVE_DLFCN_H 1
| #define LT_OBJDIR ".libs/"
| #define XGPU_NSTATION 32
| #define XGPU_NFREQUENCY 50
| #define XGPU_NTIME 40
| #define HAVE_LIBPTHREAD 1
| #define HAVE_LIBRT 1
| #define HAVE_NETDB_H 1
| #define HAVE_STDINT_H 1
| #define HAVE_STDLIB_H 1
| #define HAVE_STRING_H 1
| #define HAVE_SYS_SOCKET_H 1
| #define HAVE_SYS_TIME_H 1
| #define HAVE_UNISTD_H 1
| /* end confdefs.h.  */
| #include <stdio.h>
| #ifdef HAVE_SYS_TYPES_H
| # include <sys/types.h>
| #endif
| #ifdef HAVE_SYS_STAT_H
| # include <sys/stat.h>
| #endif
| #ifdef STDC_HEADERS
| # include <stdlib.h>
| # include <stddef.h>
| #else
| # ifdef HAVE_STDLIB_H
| #  include <stdlib.h>
| # endif
| #endif
| #ifdef HAVE_STRING_H
| # if !defined STDC_HEADERS && defined HAVE_MEMORY_H
| #  include <memory.h>
| # endif
| # include <string.h>
| #endif
| #ifdef HAVE_STRINGS_H
| # include <strings.h>
| #endif
| #ifdef HAVE_INTTYPES_H
| # include <inttypes.h>
| #endif
| #ifdef HAVE_STDINT_H
| # include <stdint.h>
| #endif
| #ifdef HAVE_UNISTD_H
| # include <unistd.h>
| #endif
| int
| main ()
| {
| if (sizeof ((off_t)))
| 	    return 0;
|   ;
|   return 0;
| }
configure:12099: result: yes
configure:12110: checking for size_t
configure:12110: gcc -c -g -O2  conftest.c >&5
configure:12110: $? = 0
configure:12110: gcc -c -g -O2  conftest.c >&5
conftest.c: In function 'main':
conftest.c:71: error: expected expression before ')' token
configure:12110: $? = 1
configure: failed program was:
| /* confdefs.h */
| #define PACKAGE_NAME "FULL-PACKAGE-NAME"
| #define PACKAGE_TARNAME "full-package-name"
| #define PACKAGE_VERSION "VERSION"
| #define PACKAGE_STRING "FULL-PACKAGE-NAME VERSION"
| #define PACKAGE_BUGREPORT "BUG-REPORT-ADDRESS"
| #define PACKAGE_URL ""
| #define PACKAGE "full-package-name"
| #define VERSION "VERSION"
| #define STDC_HEADERS 1
| #define HAVE_SYS_TYPES_H 1
| #define HAVE_SYS_STAT_H 1
| #define HAVE_STDLIB_H 1
| #define HAVE_STRING_H 1
| #define HAVE_MEMORY_H 1
| #define HAVE_STRINGS_H 1
| #define HAVE_INTTYPES_H 1
| #define HAVE_STDINT_H 1
| #define HAVE_UNISTD_H 1
| #define HAVE_DLFCN_H 1
| #define LT_OBJDIR ".libs/"
| #define XGPU_NSTATION 32
| #define XGPU_NFREQUENCY 50
| #define XGPU_NTIME 40
| #define HAVE_LIBPTHREAD 1
| #define HAVE_LIBRT 1
| #define HAVE_NETDB_H 1
| #define HAVE_STDINT_H 1
| #define HAVE_STDLIB_H 1
| #define HAVE_STRING_H 1
| #define HAVE_SYS_SOCKET_H 1
| #define HAVE_SYS_TIME_H 1
| #define HAVE_UNISTD_H 1
| /* end confdefs.h.  */
| #include <stdio.h>
| #ifdef HAVE_SYS_TYPES_H
| # include <sys/types.h>
| #endif
| #ifdef HAVE_SYS_STAT_H
| # include <sys/stat.h>
| #endif
| #ifdef STDC_HEADERS
| # include <stdlib.h>
| # include <stddef.h>
| #else
| # ifdef HAVE_STDLIB_H
| #  include <stdlib.h>
| # endif
| #endif
| #ifdef HAVE_STRING_H
| # if !defined STDC_HEADERS && defined HAVE_MEMORY_H
| #  include <memory.h>
| # endif
| # include <string.h>
| #endif
| #ifdef HAVE_STRINGS_H
| # include <strings.h>
| #endif
| #ifdef HAVE_INTTYPES_H
| # include <inttypes.h>
| #endif
| #ifdef HAVE_STDINT_H
| # include <stdint.h>
| #endif
| #ifdef HAVE_UNISTD_H
| # include <unistd.h>
| #endif
| int
| main ()
| {
| if (sizeof ((size_t)))
| 	    return 0;
|   ;
|   return 0;
| }
configure:12110: result: yes
configure:12121: checking for uint32_t
configure:12121: gcc -c -g -O2  conftest.c >&5
configure:12121: $? = 0
configure:12121: result: yes
configure:12135: checking for uint64_t
configure:12135: gcc -c -g -O2  conftest.c >&5
configure:12135: $? = 0
configure:12135: result: yes
configure:12149: checking for uint8_t
configure:12149: gcc -c -g -O2  conftest.c >&5
configure:12149: $? = 0
configure:12149: result: yes
configure:12167: checking for stdlib.h
configure:12167: result: yes
configure:12177: checking for GNU libc compatible malloc
configure:12201: gcc -o conftest -g -O2   conftest.c -lrt -lpthread -lflagbeamformer  >&5
configure:12201: $? = 0
configure:12201: ./conftest
./conftest: error while loading shared libraries: libflagbeamformer.so: cannot open shared object file: No such file or directory
configure:12201: $? = 127
configure: program exited with status 127
configure: failed program was:
| /* confdefs.h */
| #define PACKAGE_NAME "FULL-PACKAGE-NAME"
| #define PACKAGE_TARNAME "full-package-name"
| #define PACKAGE_VERSION "VERSION"
| #define PACKAGE_STRING "FULL-PACKAGE-NAME VERSION"
| #define PACKAGE_BUGREPORT "BUG-REPORT-ADDRESS"
| #define PACKAGE_URL ""
| #define PACKAGE "full-package-name"
| #define VERSION "VERSION"
| #define STDC_HEADERS 1
| #define HAVE_SYS_TYPES_H 1
| #define HAVE_SYS_STAT_H 1
| #define HAVE_STDLIB_H 1
| #define HAVE_STRING_H 1
| #define HAVE_MEMORY_H 1
| #define HAVE_STRINGS_H 1
| #define HAVE_INTTYPES_H 1
| #define HAVE_STDINT_H 1
| #define HAVE_UNISTD_H 1
| #define HAVE_DLFCN_H 1
| #define LT_OBJDIR ".libs/"
| #define XGPU_NSTATION 32
| #define XGPU_NFREQUENCY 50
| #define XGPU_NTIME 40
| #define HAVE_LIBPTHREAD 1
| #define HAVE_LIBRT 1
| #define HAVE_NETDB_H 1
| #define HAVE_STDINT_H 1
| #define HAVE_STDLIB_H 1
| #define HAVE_STRING_H 1
| #define HAVE_SYS_SOCKET_H 1
| #define HAVE_SYS_TIME_H 1
| #define HAVE_UNISTD_H 1
| #define HAVE_STDLIB_H 1
| /* end confdefs.h.  */
| #if defined STDC_HEADERS || defined HAVE_STDLIB_H
| # include <stdlib.h>
| #else
| char *malloc ();
| #endif
| 
| int
| main ()
| {
| return ! malloc (0);
|   ;
|   return 0;
| }
configure:12211: result: no
configure:12235: checking for clock_gettime
configure:12235: gcc -o conftest -g -O2   conftest.c -lrt -lpthread -lflagbeamformer  >&5
configure:12235: $? = 0
configure:12235: result: yes
configure:12235: checking for memset
configure:12235: gcc -o conftest -g -O2   conftest.c -lrt -lpthread -lflagbeamformer  >&5
conftest.c:62: warning: conflicting types for built-in function 'memset'
configure:12235: $? = 0
configure:12235: result: yes
configure:12235: checking for socket
configure:12235: gcc -o conftest -g -O2   conftest.c -lrt -lpthread -lflagbeamformer  >&5
configure:12235: $? = 0
configure:12235: result: yes
configure:12235: checking for crc32
configure:12235: gcc -o conftest -g -O2   conftest.c -lrt -lpthread -lflagbeamformer  >&5
/tmp/ccoEUOPK.o: In function `main':
/home/rablack/FLAG/flag_gpu/standalone/beamformer_rt/src/conftest.c:75: undefined reference to `crc32'
collect2: ld returned 1 exit status
configure:12235: $? = 1
configure: failed program was:
| /* confdefs.h */
| #define PACKAGE_NAME "FULL-PACKAGE-NAME"
| #define PACKAGE_TARNAME "full-package-name"
| #define PACKAGE_VERSION "VERSION"
| #define PACKAGE_STRING "FULL-PACKAGE-NAME VERSION"
| #define PACKAGE_BUGREPORT "BUG-REPORT-ADDRESS"
| #define PACKAGE_URL ""
| #define PACKAGE "full-package-name"
| #define VERSION "VERSION"
| #define STDC_HEADERS 1
| #define HAVE_SYS_TYPES_H 1
| #define HAVE_SYS_STAT_H 1
| #define HAVE_STDLIB_H 1
| #define HAVE_STRING_H 1
| #define HAVE_MEMORY_H 1
| #define HAVE_STRINGS_H 1
| #define HAVE_INTTYPES_H 1
| #define HAVE_STDINT_H 1
| #define HAVE_UNISTD_H 1
| #define HAVE_DLFCN_H 1
| #define LT_OBJDIR ".libs/"
| #define XGPU_NSTATION 32
| #define XGPU_NFREQUENCY 50
| #define XGPU_NTIME 40
| #define HAVE_LIBPTHREAD 1
| #define HAVE_LIBRT 1
| #define HAVE_NETDB_H 1
| #define HAVE_STDINT_H 1
| #define HAVE_STDLIB_H 1
| #define HAVE_STRING_H 1
| #define HAVE_SYS_SOCKET_H 1
| #define HAVE_SYS_TIME_H 1
| #define HAVE_UNISTD_H 1
| #define HAVE_STDLIB_H 1
| #define HAVE_MALLOC 0
| #define malloc rpl_malloc
| #define HAVE_CLOCK_GETTIME 1
| #define HAVE_MEMSET 1
| #define HAVE_SOCKET 1
| /* end confdefs.h.  */
| /* Define crc32 to an innocuous variant, in case <limits.h> declares crc32.
|    For example, HP-UX 11i <limits.h> declares gettimeofday.  */
| #define crc32 innocuous_crc32
| 
| /* System header to define __stub macros and hopefully few prototypes,
|     which can conflict with char crc32 (); below.
|     Prefer <limits.h> to <assert.h> if __STDC__ is defined, since
|     <limits.h> exists even on freestanding compilers.  */
| 
| #ifdef __STDC__
| # include <limits.h>
| #else
| # include <assert.h>
| #endif
| 
| #undef crc32
| 
| /* Override any GCC internal prototype to avoid an error.
|    Use char because int might match the return type of a GCC
|    builtin and then its argument prototype would still apply.  */
| #ifdef __cplusplus
| extern "C"
| #endif
| char crc32 ();
| /* The GNU C library defines this for functions which it implements
|     to always fail with ENOSYS.  Some functions are actually named
|     something starting with __ and the normal name is an alias.  */
| #if defined __stub_crc32 || defined __stub___crc32
| choke me
| #endif
| 
| int
| main ()
| {
| return crc32 ();
|   ;
|   return 0;
| }
configure:12235: result: no
configure:12381: creating ./config.status

## ---------------------- ##
## Running config.status. ##
## ---------------------- ##

This file was extended by FULL-PACKAGE-NAME config.status VERSION, which was
generated by GNU Autoconf 2.69.  Invocation command line was

  CONFIG_FILES    = 
  CONFIG_HEADERS  = 
  CONFIG_LINKS    = 
  CONFIG_COMMANDS = 
  $ ./config.status 

on flag5

config.status:1087: creating Makefile
config.status:1087: creating config.h
config.status:1268: config.h is unchanged
config.status:1316: executing depfiles commands
config.status:1316: executing libtool commands

## ---------------- ##
## Cache variables. ##
## ---------------- ##

ac_cv_build=x86_64-unknown-linux-gnu
ac_cv_c_compiler_gnu=yes
ac_cv_c_inline=inline
ac_cv_c_int32_t=yes
ac_cv_c_int64_t=yes
ac_cv_c_uint32_t=yes
ac_cv_c_uint64_t=yes
ac_cv_c_uint8_t=yes
ac_cv_env_CC_set=
ac_cv_env_CC_value=
ac_cv_env_CFLAGS_set=
ac_cv_env_CFLAGS_value=
ac_cv_env_CPPFLAGS_set=
ac_cv_env_CPPFLAGS_value=
ac_cv_env_CPP_set=
ac_cv_env_CPP_value=
ac_cv_env_LDFLAGS_set=
ac_cv_env_LDFLAGS_value=
ac_cv_env_LIBS_set=
ac_cv_env_LIBS_value=
ac_cv_env_build_alias_set=
ac_cv_env_build_alias_value=
ac_cv_env_host_alias_set=
ac_cv_env_host_alias_value=
ac_cv_env_target_alias_set=
ac_cv_env_target_alias_value=
ac_cv_file__usr_local_bin_xgpuinfo=yes
ac_cv_file__usr_local_include_flag_beamformer_h=yes
ac_cv_file__usr_local_include_hashpipe_h=yes
ac_cv_file__usr_local_include_xgpu_h=yes
ac_cv_func_clock_gettime=yes
ac_cv_func_crc32=no
ac_cv_func_malloc_0_nonnull=no
ac_cv_func_memset=yes
ac_cv_func_socket=yes
ac_cv_header_dlfcn_h=yes
ac_cv_header_inttypes_h=yes
ac_cv_header_memory_h=yes
ac_cv_header_netdb_h=yes
ac_cv_header_stdc=yes
ac_cv_header_stdint_h=yes
ac_cv_header_stdlib_h=yes
ac_cv_header_string_h=yes
ac_cv_header_strings_h=yes
ac_cv_header_sys_socket_h=yes
ac_cv_header_sys_stat_h=yes
ac_cv_header_sys_time_h=yes
ac_cv_header_sys_types_h=yes
ac_cv_header_unistd_h=yes
ac_cv_header_zlib_h=no
ac_cv_host=x86_64-unknown-linux-gnu
ac_cv_lib_hashpipe_hashpipe_databuf_create=yes
ac_cv_lib_pthread_pthread_create=yes
ac_cv_lib_rt_clock_gettime=yes
ac_cv_lib_xgpu_xgpuInfo=yes
ac_cv_lib_z_crc32=no
ac_cv_objext=o
ac_cv_path_EGREP='/bin/grep -E'
ac_cv_path_FGREP='/bin/grep -F'
ac_cv_path_GREP=/bin/grep
ac_cv_path_SED=/bin/sed
ac_cv_path_install='/usr/bin/install -c'
ac_cv_path_mkdir=/bin/mkdir
ac_cv_prog_AWK=gawk
ac_cv_prog_CPP='gcc -E'
ac_cv_prog_ac_ct_AR=ar
ac_cv_prog_ac_ct_CC=gcc
ac_cv_prog_ac_ct_OBJDUMP=objdump
ac_cv_prog_ac_ct_RANLIB=ranlib
ac_cv_prog_ac_ct_STRIP=strip
ac_cv_prog_cc_c89=
ac_cv_prog_cc_g=yes
ac_cv_prog_make_make_set=yes
ac_cv_search_run_beamformer=-lflagbeamformer
ac_cv_type_off_t=yes
ac_cv_type_size_t=yes
am_cv_CC_dependencies_compiler_type=gcc3
lt_cv_deplibs_check_method=pass_all
lt_cv_file_magic_cmd='$MAGIC_CMD'
lt_cv_file_magic_test_file=
lt_cv_ld_reload_flag=-r
lt_cv_nm_interface='BSD nm'
lt_cv_objdir=.libs
lt_cv_path_LD=/usr/bin/ld
lt_cv_path_NM='/usr/bin/nm -B'
lt_cv_prog_compiler_c_o=yes
lt_cv_prog_compiler_pic_works=yes
lt_cv_prog_compiler_rtti_exceptions=no
lt_cv_prog_compiler_static_works=no
lt_cv_prog_gnu_ld=yes
lt_cv_sys_global_symbol_pipe='sed -n -e '\''s/^.*[	 ]\([ABCDGIRSTW][ABCDGIRSTW]*\)[	 ][	 ]*\([_A-Za-z][_A-Za-z0-9]*\)$/\1 \2 \2/p'\'''
lt_cv_sys_global_symbol_to_c_name_address='sed -n -e '\''s/^: \([^ ]*\) $/  {\"\1\", (void *) 0},/p'\'' -e '\''s/^[ABCDGIRSTW]* \([^ ]*\) \([^ ]*\)$/  {"\2", (void *) \&\2},/p'\'''
lt_cv_sys_global_symbol_to_c_name_address_lib_prefix='sed -n -e '\''s/^: \([^ ]*\) $/  {\"\1\", (void *) 0},/p'\'' -e '\''s/^[ABCDGIRSTW]* \([^ ]*\) \(lib[^ ]*\)$/  {"\2", (void *) \&\2},/p'\'' -e '\''s/^[ABCDGIRSTW]* \([^ ]*\) \([^ ]*\)$/  {"lib\2", (void *) \&\2},/p'\'''
lt_cv_sys_global_symbol_to_cdecl='sed -n -e '\''s/^T .* \(.*\)$/extern int \1();/p'\'' -e '\''s/^[ABCDGIRSTW]* .* \(.*\)$/extern char \1;/p'\'''
lt_cv_sys_max_cmd_len=1966080

## ----------------- ##
## Output variables. ##
## ----------------- ##

ACLOCAL='${SHELL} /home/rablack/FLAG/flag_gpu/standalone/beamformer_rt/src/missing --run aclocal-1.11'
AMDEPBACKSLASH='\'
AMDEP_FALSE='#'
AMDEP_TRUE=''
AMTAR='${SHELL} /home/rablack/FLAG/flag_gpu/standalone/beamformer_rt/src/missing --run tar'
AM_BACKSLASH='\'
AM_DEFAULT_VERBOSITY='0'
AR='ar'
AUTOCONF='${SHELL} /home/rablack/FLAG/flag_gpu/standalone/beamformer_rt/src/missing --run autoconf'
AUTOHEADER='${SHELL} /home/rablack/FLAG/flag_gpu/standalone/beamformer_rt/src/missing --run autoheader'
AUTOMAKE='${SHELL} /home/rablack/FLAG/flag_gpu/standalone/beamformer_rt/src/missing --run automake-1.11'
AWK='gawk'
CC='gcc'
CCDEPMODE='depmode=gcc3'
CFLAGS='-g -O2'
CPP='gcc -E'
CPPFLAGS=''
CYGPATH_W='echo'
DEFS='-DHAVE_CONFIG_H'
DEPDIR='.deps'
DSYMUTIL=''
DUMPBIN=''
ECHO_C=''
ECHO_N='-n'
ECHO_T=''
EGREP='/bin/grep -E'
EXEEXT=''
FGREP='/bin/grep -F'
FLAGBEAM_INCDIR=''
FLAGBEAM_LIBDIR='/usr/local/lib'
FLAGPOW_INCDIR='/usr/local/include'
GREP='/bin/grep'
HASHPIPE_INCDIR='/usr/local/include'
HASHPIPE_LIBDIR='/usr/local/lib'
INSTALL_DATA='${INSTALL} -m 644'
INSTALL_PROGRAM='${INSTALL}'
INSTALL_SCRIPT='${INSTALL}'
INSTALL_STRIP_PROGRAM='$(install_sh) -c -s'
LD='/usr/bin/ld -m elf_x86_64'
LDFLAGS=''
LIBOBJS=' ${LIBOBJDIR}malloc$U.o'
LIBS='-lrt -lpthread -lflagbeamformer '
LIBTOOL='$(SHELL) $(top_builddir)/libtool'
LIPO=''
LN_S='ln -s'
LTLIBOBJS=' ${LIBOBJDIR}malloc$U.lo'
MAKEINFO='${SHELL} /home/rablack/FLAG/flag_gpu/standalone/beamformer_rt/src/missing --run makeinfo'
MKDIR_P='/bin/mkdir -p'
NM='/usr/bin/nm -B'
NMEDIT=''
OBJDUMP='objdump'
OBJEXT='o'
OTOOL64=''
OTOOL=''
PACKAGE='full-package-name'
PACKAGE_BUGREPORT='BUG-REPORT-ADDRESS'
PACKAGE_NAME='FULL-PACKAGE-NAME'
PACKAGE_STRING='FULL-PACKAGE-NAME VERSION'
PACKAGE_TARNAME='full-package-name'
PACKAGE_URL=''
PACKAGE_VERSION='VERSION'
PATH_SEPARATOR=':'
RANLIB='ranlib'
SED='/bin/sed'
SET_MAKE=''
SHELL='/bin/sh'
STRIP='strip'
VERSION='VERSION'
XGPU_BINDIR='/usr/local/bin'
XGPU_INCDIR='/usr/local/include'
XGPU_LIBDIR='/usr/local/lib'
ac_ct_CC='gcc'
ac_ct_DUMPBIN=''
am__EXEEXT_FALSE=''
am__EXEEXT_TRUE='#'
am__fastdepCC_FALSE='#'
am__fastdepCC_TRUE=''
am__include='include'
am__isrc=''
am__leading_dot='.'
am__quote=''
am__tar='${AMTAR} chof - "$$tardir"'
am__untar='${AMTAR} xf -'
bindir='${exec_prefix}/bin'
build='x86_64-unknown-linux-gnu'
build_alias=''
build_cpu='x86_64'
build_os='linux-gnu'
build_vendor='unknown'
datadir='${datarootdir}'
datarootdir='${prefix}/share'
docdir='${datarootdir}/doc/${PACKAGE_TARNAME}'
dvidir='${docdir}'
exec_prefix='${prefix}'
host='x86_64-unknown-linux-gnu'
host_alias=''
host_cpu='x86_64'
host_os='linux-gnu'
host_vendor='unknown'
htmldir='${docdir}'
includedir='${prefix}/include'
infodir='${datarootdir}/info'
install_sh='${SHELL} /home/rablack/FLAG/flag_gpu/standalone/beamformer_rt/src/install-sh'
libdir='${exec_prefix}/lib'
libexecdir='${exec_prefix}/libexec'
localedir='${datarootdir}/locale'
localstatedir='${prefix}/var'
lt_ECHO='echo'
mandir='${datarootdir}/man'
mkdir_p='/bin/mkdir -p'
oldincludedir='/usr/include'
pdfdir='${docdir}'
prefix='/usr/local'
program_transform_name='s,x,x,'
psdir='${docdir}'
sbindir='${exec_prefix}/sbin'
sharedstatedir='${prefix}/com'
sysconfdir='${prefix}/etc'
target_alias=''

## ----------- ##
## confdefs.h. ##
## ----------- ##

/* confdefs.h */
#define PACKAGE_NAME "FULL-PACKAGE-NAME"
#define PACKAGE_TARNAME "full-package-name"
#define PACKAGE_VERSION "VERSION"
#define PACKAGE_STRING "FULL-PACKAGE-NAME VERSION"
#define PACKAGE_BUGREPORT "BUG-REPORT-ADDRESS"
#define PACKAGE_URL ""
#define PACKAGE "full-package-name"
#define VERSION "VERSION"
#define STDC_HEADERS 1
#define HAVE_SYS_TYPES_H 1
#define HAVE_SYS_STAT_H 1
#define HAVE_STDLIB_H 1
#define HAVE_STRING_H 1
#define HAVE_MEMORY_H 1
#define HAVE_STRINGS_H 1
#define HAVE_INTTYPES_H 1
#define HAVE_STDINT_H 1
#define HAVE_UNISTD_H 1
#define HAVE_DLFCN_H 1
#define LT_OBJDIR ".libs/"
#define XGPU_NSTATION 32
#define XGPU_NFREQUENCY 50
#define XGPU_NTIME 40
#define HAVE_LIBPTHREAD 1
#define HAVE_LIBRT 1
#define HAVE_NETDB_H 1
#define HAVE_STDINT_H 1
#define HAVE_STDLIB_H 1
#define HAVE_STRING_H 1
#define HAVE_SYS_SOCKET_H 1
#define HAVE_SYS_TIME_H 1
#define HAVE_UNISTD_H 1
#define HAVE_STDLIB_H 1
#define HAVE_MALLOC 0
#define malloc rpl_malloc
#define HAVE_CLOCK_GETTIME 1
#define HAVE_MEMSET 1
#define HAVE_SOCKET 1

configure: exit 0

## ---------------------- ##
## Running config.status. ##
## ---------------------- ##

This file was extended by FULL-PACKAGE-NAME config.status VERSION, which was
generated by GNU Autoconf 2.69.  Invocation command line was

  CONFIG_FILES    = 
  CONFIG_HEADERS  = 
  CONFIG_LINKS    = 
  CONFIG_COMMANDS = 
  $ ./config.status config.h

on flag5

config.status:1087: creating config.h
config.status:1268: config.h is unchanged
