This file contains any messages produced by compilers while
running configure, to aid debugging if configure makes a mistake.

It was created by FULL-PACKAGE-NAME configure VERSION, which was
generated by GNU Autoconf 2.69.  Invocation command line was

  $ ./configure 

## --------- ##
## Platform. ##
## --------- ##

hostname = flag5
uname -m = x86_64
uname -r = 2.6.32-504.12.2.el6.x86_64
uname -s = Linux
uname -v = #1 SMP Sun Feb 1 12:14:02 EST 2015

/usr/bin/uname -p = unknown
/bin/uname -X     = unknown

/bin/arch              = x86_64
/usr/bin/arch -k       = unknown
/usr/convex/getsysinfo = unknown
/usr/bin/hostinfo      = unknown
/bin/machine           = unknown
/usr/bin/oslevel       = unknown
/bin/universe          = unknown

PATH: /usr/lib64/qt-3.3/bin
PATH: /usr/local/bin
PATH: /bin
PATH: /usr/bin
PATH: /usr/local/sbin
PATH: /usr/sbin
PATH: /sbin
PATH: /home/rablack/bin
PATH: /home/rablack/bin
PATH: /usr/local/cuda-7.0/bin


## ----------- ##
## Core tests. ##
## ----------- ##

configure:2576: checking for a BSD-compatible install
configure:2644: result: /usr/bin/install -c
configure:2655: checking whether build environment is sane
configure:2705: result: yes
configure:2846: checking for a thread-safe mkdir -p
configure:2885: result: /bin/mkdir -p
configure:2898: checking for gawk
configure:2914: found /bin/gawk
configure:2925: result: gawk
configure:2936: checking whether make sets $(MAKE)
configure:2958: result: yes
configure:3067: checking build system type
configure:3081: result: x86_64-unknown-linux-gnu
configure:3101: checking host system type
configure:3114: result: x86_64-unknown-linux-gnu
configure:3146: checking for style of include used by make
configure:3174: result: GNU
configure:3244: checking for gcc
configure:3260: found /usr/bin/gcc
configure:3271: result: gcc
configure:3500: checking for C compiler version
configure:3509: gcc --version >&5
gcc (GCC) 4.4.7 20120313 (Red Hat 4.4.7-16)
Copyright (C) 2010 Free Software Foundation, Inc.
This is free software; see the source for copying conditions.  There is NO
warranty; not even for MERCHANTABILITY or FITNESS FOR A PARTICULAR PURPOSE.

configure:3520: $? = 0
configure:3509: gcc -v >&5
Using built-in specs.
Target: x86_64-redhat-linux
Configured with: ../configure --prefix=/usr --mandir=/usr/share/man --infodir=/usr/share/info --with-bugurl=http://bugzilla.redhat.com/bugzilla --enable-bootstrap --enable-shared --enable-threads=posix --enable-checking=release --with-system-zlib --enable-__cxa_atexit --disable-libunwind-exceptions --enable-gnu-unique-object --enable-languages=c,c++,objc,obj-c++,java,fortran,ada --enable-java-awt=gtk --disable-dssi --with-java-home=/usr/lib/jvm/java-1.5.0-gcj-1.5.0.0/jre --enable-libgcj-multifile --enable-java-maintainer-mode --with-ecj-jar=/usr/share/java/eclipse-ecj.jar --disable-libjava-multilib --with-ppl --with-cloog --with-tune=generic --with-arch_32=i686 --build=x86_64-redhat-linux
Thread model: posix
gcc version 4.4.7 20120313 (Red Hat 4.4.7-16) (GCC) 
configure:3520: $? = 0
configure:3509: gcc -V >&5
gcc: '-V' option must have argument
configure:3520: $? = 1
configure:3509: gcc -qversion >&5
gcc: unrecognized option '-qversion'
gcc: no input files
configure:3520: $? = 1
configure:3540: checking whether the C compiler works
configure:3562: gcc    conftest.c  >&5
configure:3566: $? = 0
configure:3614: result: yes
configure:3617: checking for C compiler default output file name
configure:3619: result: a.out
configure:3625: checking for suffix of executables
configure:3632: gcc -o conftest    conftest.c  >&5
configure:3636: $? = 0
configure:3658: result: 
configure:3680: checking whether we are cross compiling
configure:3688: gcc -o conftest    conftest.c  >&5
configure:3692: $? = 0
configure:3699: ./conftest
configure:3703: $? = 0
configure:3718: result: no
configure:3723: checking for suffix of object files
configure:3745: gcc -c   conftest.c >&5
configure:3749: $? = 0
configure:3770: result: o
configure:3774: checking whether we are using the GNU C compiler
configure:3793: gcc -c   conftest.c >&5
configure:3793: $? = 0
configure:3802: result: yes
configure:3811: checking whether gcc accepts -g
configure:3831: gcc -c -g  conftest.c >&5
configure:3831: $? = 0
configure:3872: result: yes
configure:3889: checking for gcc option to accept ISO C89
configure:3952: gcc  -c -g -O2  conftest.c >&5
configure:3952: $? = 0
configure:3965: result: none needed
configure:3987: checking dependency style of gcc
configure:4097: result: gcc3
configure:4112: checking for a sed that does not truncate output
configure:4176: result: /bin/sed
configure:4194: checking for grep that handles long lines and -e
configure:4252: result: /bin/grep
configure:4257: checking for egrep
configure:4319: result: /bin/grep -E
configure:4324: checking for fgrep
configure:4386: result: /bin/grep -F
configure:4421: checking for ld used by gcc
configure:4488: result: /usr/bin/ld
configure:4495: checking if the linker (/usr/bin/ld) is GNU ld
configure:4510: result: yes
configure:4522: checking for BSD- or MS-compatible name lister (nm)
configure:4571: result: /usr/bin/nm -B
configure:4689: checking the name lister (/usr/bin/nm -B) interface
configure:4696: gcc -c -g -O2  conftest.c >&5
configure:4699: /usr/bin/nm -B "conftest.o"
configure:4702: output
0000000000000000 B some_variable
configure:4709: result: BSD nm
configure:4712: checking whether ln -s works
configure:4716: result: yes
configure:4724: checking the maximum length of command line arguments
configure:4844: result: 1966080
configure:4861: checking whether the shell understands some XSI constructs
configure:4871: result: yes
configure:4875: checking whether the shell understands "+="
configure:4881: result: yes
configure:4916: checking for /usr/bin/ld option to reload object files
configure:4923: result: -r
configure:4992: checking for objdump
configure:5008: found /usr/bin/objdump
configure:5019: result: objdump
configure:5051: checking how to recognize dependent libraries
configure:5247: result: pass_all
configure:5307: checking for ar
configure:5323: found /usr/bin/ar
configure:5334: result: ar
configure:5412: checking for strip
configure:5428: found /usr/bin/strip
configure:5439: result: strip
configure:5511: checking for ranlib
configure:5527: found /usr/bin/ranlib
configure:5538: result: ranlib
configure:5628: checking command to parse /usr/bin/nm -B output from gcc object
configure:5746: gcc -c -g -O2  conftest.c >&5
configure:5749: $? = 0
configure:5753: /usr/bin/nm -B conftest.o \| sed -n -e 's/^.*[	 ]\([ABCDGIRSTW][ABCDGIRSTW]*\)[	 ][	 ]*\([_A-Za-z][_A-Za-z0-9]*\)$/\1 \2 \2/p' \> conftest.nm
configure:5756: $? = 0
configure:5810: gcc -o conftest -g -O2   conftest.c conftstm.o >&5
configure:5813: $? = 0
configure:5851: result: ok
configure:5947: gcc -c -g -O2  conftest.c >&5
configure:5950: $? = 0
configure:6660: checking how to run the C preprocessor
configure:6691: gcc -E  conftest.c
configure:6691: $? = 0
configure:6705: gcc -E  conftest.c
conftest.c:11:28: error: ac_nonexistent.h: No such file or directory
configure:6705: $? = 1
configure: failed program was:
| /* confdefs.h */
| #define PACKAGE_NAME "FULL-PACKAGE-NAME"
| #define PACKAGE_TARNAME "full-package-name"
| #define PACKAGE_VERSION "VERSION"
| #define PACKAGE_STRING "FULL-PACKAGE-NAME VERSION"
| #define PACKAGE_BUGREPORT "BUG-REPORT-ADDRESS"
| #define PACKAGE_URL ""
| #define PACKAGE "full-package-name"
| #define VERSION "VERSION"
| /* end confdefs.h.  */
| #include <ac_nonexistent.h>
configure:6730: result: gcc -E
configure:6750: gcc -E  conftest.c
configure:6750: $? = 0
configure:6764: gcc -E  conftest.c
conftest.c:11:28: error: ac_nonexistent.h: No such file or directory
configure:6764: $? = 1
configure: failed program was:
| /* confdefs.h */
| #define PACKAGE_NAME "FULL-PACKAGE-NAME"
| #define PACKAGE_TARNAME "full-package-name"
| #define PACKAGE_VERSION "VERSION"
| #define PACKAGE_STRING "FULL-PACKAGE-NAME VERSION"
| #define PACKAGE_BUGREPORT "BUG-REPORT-ADDRESS"
| #define PACKAGE_URL ""
| #define PACKAGE "full-package-name"
| #define VERSION "VERSION"
| /* end confdefs.h.  */
| #include <ac_nonexistent.h>
configure:6793: checking for ANSI C header files
configure:6813: gcc -c -g -O2  conftest.c >&5
configure:6813: $? = 0
configure:6886: gcc -o conftest -g -O2   conftest.c  >&5
configure:6886: $? = 0
configure:6886: ./conftest
configure:6886: $? = 0
configure:6897: result: yes
configure:6910: checking for sys/types.h
configure:6910: gcc -c -g -O2  conftest.c >&5
configure:6910: $? = 0
configure:6910: result: yes
configure:6910: checking for sys/stat.h
configure:6910: gcc -c -g -O2  conftest.c >&5
configure:6910: $? = 0
configure:6910: result: yes
configure:6910: checking for stdlib.h
configure:6910: gcc -c -g -O2  conftest.c >&5
configure:6910: $? = 0
configure:6910: result: yes
configure:6910: checking for string.h
configure:6910: gcc -c -g -O2  conftest.c >&5
configure:6910: $? = 0
configure:6910: result: yes
configure:6910: checking for memory.h
configure:6910: gcc -c -g -O2  conftest.c >&5
configure:6910: $? = 0
configure:6910: result: yes
configure:6910: checking for strings.h
configure:6910: gcc -c -g -O2  conftest.c >&5
configure:6910: $? = 0
configure:6910: result: yes
configure:6910: checking for inttypes.h
configure:6910: gcc -c -g -O2  conftest.c >&5
configure:6910: $? = 0
configure:6910: result: yes
configure:6910: checking for stdint.h
configure:6910: gcc -c -g -O2  conftest.c >&5
configure:6910: $? = 0
configure:6910: result: yes
configure:6910: checking for unistd.h
configure:6910: gcc -c -g -O2  conftest.c >&5
configure:6910: $? = 0
configure:6910: result: yes
configure:6924: checking for dlfcn.h
configure:6924: gcc -c -g -O2  conftest.c >&5
configure:6924: $? = 0
configure:6924: result: yes
configure:7108: checking for objdir
configure:7123: result: .libs
configure:7419: checking if gcc supports -fno-rtti -fno-exceptions
configure:7437: gcc -c -g -O2  -fno-rtti -fno-exceptions conftest.c >&5
cc1: warning: command line option "-fno-rtti" is valid for C++/ObjC++ but not for C
configure:7441: $? = 0
configure:7454: result: no
configure:7474: checking for gcc option to produce PIC
configure:7746: result: -fPIC -DPIC
configure:7758: checking if gcc PIC flag -fPIC -DPIC works
configure:7776: gcc -c -g -O2  -fPIC -DPIC -DPIC conftest.c >&5
configure:7780: $? = 0
configure:7793: result: yes
configure:7817: checking if gcc static flag -static works
configure:7845: result: no
configure:7860: checking if gcc supports -c -o file.o
configure:7881: gcc -c -g -O2  -o out/conftest2.o conftest.c >&5
configure:7885: $? = 0
configure:7907: result: yes
configure:7915: checking if gcc supports -c -o file.o
configure:7962: result: yes
configure:7995: checking whether the gcc linker (/usr/bin/ld -m elf_x86_64) supports shared libraries
configure:8981: result: yes
configure:9018: checking whether -lc should be explicitly linked in
configure:9023: gcc -c -g -O2  conftest.c >&5
configure:9026: $? = 0
configure:9041: gcc -shared conftest.o  -v -Wl,-soname -Wl,conftest -o conftest 2\>\&1 \| /bin/grep  -lc  \>/dev/null 2\>\&1
configure:9044: $? = 0
configure:9056: result: no
configure:9220: checking dynamic linker characteristics
configure:9653: gcc -o conftest -g -O2   -Wl,-rpath -Wl,/foo conftest.c  >&5
configure:9653: $? = 0
configure:9874: result: GNU/Linux ld.so
configure:9976: checking how to hardcode library paths into programs
configure:10001: result: immediate
configure:10521: checking whether stripping libraries is possible
configure:10526: result: yes
configure:10561: checking if libtool supports shared libraries
configure:10563: result: yes
configure:10566: checking whether to build shared libraries
configure:10587: result: yes
configure:10590: checking whether to build static libraries
configure:10594: result: yes
configure:10706: checking for gcc
configure:10733: result: gcc
configure:10962: checking for C compiler version
configure:10971: gcc --version >&5
gcc (GCC) 4.4.7 20120313 (Red Hat 4.4.7-16)
Copyright (C) 2010 Free Software Foundation, Inc.
This is free software; see the source for copying conditions.  There is NO
warranty; not even for MERCHANTABILITY or FITNESS FOR A PARTICULAR PURPOSE.

configure:10982: $? = 0
configure:10971: gcc -v >&5
Using built-in specs.
Target: x86_64-redhat-linux
Configured with: ../configure --prefix=/usr --mandir=/usr/share/man --infodir=/usr/share/info --with-bugurl=http://bugzilla.redhat.com/bugzilla --enable-bootstrap --enable-shared --enable-threads=posix --enable-checking=release --with-system-zlib --enable-__cxa_atexit --disable-libunwind-exceptions --enable-gnu-unique-object --enable-languages=c,c++,objc,obj-c++,java,fortran,ada --enable-java-awt=gtk --disable-dssi --with-java-home=/usr/lib/jvm/java-1.5.0-gcj-1.5.0.0/jre --enable-libgcj-multifile --enable-java-maintainer-mode --with-ecj-jar=/usr/share/java/eclipse-ecj.jar --disable-libjava-multilib --with-ppl --with-cloog --with-tune=generic --with-arch_32=i686 --build=x86_64-redhat-linux
Thread model: posix
gcc version 4.4.7 20120313 (Red Hat 4.4.7-16) (GCC) 
configure:10982: $? = 0
configure:10971: gcc -V >&5
gcc: '-V' option must have argument
configure:10982: $? = 1
configure:10971: gcc -qversion >&5
gcc: unrecognized option '-qversion'
gcc: no input files
configure:10982: $? = 1
configure:10986: checking whether we are using the GNU C compiler
configure:11014: result: yes
configure:11023: checking whether gcc accepts -g
configure:11084: result: yes
configure:11101: checking for gcc option to accept ISO C89
configure:11177: result: none needed
configure:11199: checking dependency style of gcc
configure:11309: result: gcc3
configure:11337: checking for hashpipe_databuf_create in -lhashpipe
configure:11362: gcc -o conftest -g -O2   -L/usr/local/lib conftest.c -lhashpipe   >&5
configure:11362: $? = 0
configure:11371: result: yes
configure:11431: checking for /usr/local/include/hashpipe.h
configure:11445: result: yes
configure:11494: checking for xgpuInfo in -lxgpu
configure:11519: gcc -o conftest -g -O2   -L/usr/local/lib conftest.c -lxgpu   >&5
configure:11519: $? = 0
configure:11528: result: yes
configure:11588: checking for /usr/local/include/xgpu.h
configure:11602: result: yes
configure:11640: checking for /usr/local/bin/xgpuinfo
configure:11654: result: yes
configure:11725: checking for /usr/local/include/total_power.h
configure:11739: result: yes
configure:11778: checking for pthread_create in -lpthread
configure:11803: gcc -o conftest -g -O2   conftest.c -lpthread   >&5
configure:11803: $? = 0
configure:11812: result: yes
configure:11823: checking for clock_gettime in -lrt
configure:11848: gcc -o conftest -g -O2   conftest.c -lrt  -lpthread  >&5
configure:11848: $? = 0
configure:11857: result: yes
configure:11868: checking for crc32 in -lz
configure:11893: gcc -o conftest -g -O2   conftest.c -lz  -lrt -lpthread  >&5
/usr/bin/ld: cannot find -lz
collect2: ld returned 1 exit status
configure:11893: $? = 1
configure: failed program was:
| /* confdefs.h */
| #define PACKAGE_NAME "FULL-PACKAGE-NAME"
| #define PACKAGE_TARNAME "full-package-name"
| #define PACKAGE_VERSION "VERSION"
| #define PACKAGE_STRING "FULL-PACKAGE-NAME VERSION"
| #define PACKAGE_BUGREPORT "BUG-REPORT-ADDRESS"
| #define PACKAGE_URL ""
| #define PACKAGE "full-package-name"
| #define VERSION "VERSION"
| #define STDC_HEADERS 1
| #define HAVE_SYS_TYPES_H 1
| #define HAVE_SYS_STAT_H 1
| #define HAVE_STDLIB_H 1
| #define HAVE_STRING_H 1
| #define HAVE_MEMORY_H 1
| #define HAVE_STRINGS_H 1
| #define HAVE_INTTYPES_H 1
| #define HAVE_STDINT_H 1
| #define HAVE_UNISTD_H 1
| #define HAVE_DLFCN_H 1
| #define LT_OBJDIR ".libs/"
| #define XGPU_NSTATION 32
| #define XGPU_NFREQUENCY 50
| #define XGPU_NTIME 40
| #define HAVE_LIBPTHREAD 1
| #define HAVE_LIBRT 1
| /* end confdefs.h.  */
| 
| /* Override any GCC internal prototype to avoid an error.
|    Use char because int might match the return type of a GCC
|    builtin and then its argument prototype would still apply.  */
| #ifdef __cplusplus
| extern "C"
| #endif
| char crc32 ();
| int
| main ()
| {
| return crc32 ();
|   ;
|   return 0;
| }
configure:11902: result: no
configure:11918: checking netdb.h usability
configure:11918: gcc -c -g -O2  conftest.c >&5
configure:11918: $? = 0
configure:11918: result: yes
configure:11918: checking netdb.h presence
configure:11918: gcc -E  conftest.c
configure:11918: $? = 0
configure:11918: result: yes
configure:11918: checking for netdb.h
configure:11918: result: yes
configure:11918: checking for stdint.h
configure:11918: result: yes
configure:11918: checking for stdlib.h
configure:11918: result: yes
configure:11918: checking for string.h
configure:11918: result: yes
configure:11918: checking sys/socket.h usability
configure:11918: gcc -c -g -O2  conftest.c >&5
configure:11918: $? = 0
configure:11918: result: yes
configure:11918: checking sys/socket.h presence
configure:11918: gcc -E  conftest.c
configure:11918: $? = 0
configure:11918: result: yes
configure:11918: checking for sys/socket.h
configure:11918: result: yes
configure:11918: checking sys/time.h usability
configure:11918: gcc -c -g -O2  conftest.c >&5
configure:11918: $? = 0
configure:11918: result: yes
configure:11918: checking sys/time.h presence
configure:11918: gcc -E  conftest.c
configure:11918: $? = 0
configure:11918: result: yes
configure:11918: checking for sys/time.h
configure:11918: result: yes
configure:11918: checking for unistd.h
configure:11918: result: yes
configure:11918: checking zlib.h usability
configure:11918: gcc -c -g -O2  conftest.c >&5
conftest.c:68:18: error: zlib.h: No such file or directory
configure:11918: $? = 1
configure: failed program was:
| /* confdefs.h */
| #define PACKAGE_NAME "FULL-PACKAGE-NAME"
| #define PACKAGE_TARNAME "full-package-name"
| #define PACKAGE_VERSION "VERSION"
| #define PACKAGE_STRING "FULL-PACKAGE-NAME VERSION"
| #define PACKAGE_BUGREPORT "BUG-REPORT-ADDRESS"
| #define PACKAGE_URL ""
| #define PACKAGE "full-package-name"
| #define VERSION "VERSION"
| #define STDC_HEADERS 1
| #define HAVE_SYS_TYPES_H 1
| #define HAVE_SYS_STAT_H 1
| #define HAVE_STDLIB_H 1
| #define HAVE_STRING_H 1
| #define HAVE_MEMORY_H 1
| #define HAVE_STRINGS_H 1
| #define HAVE_INTTYPES_H 1
| #define HAVE_STDINT_H 1
| #define HAVE_UNISTD_H 1
| #define HAVE_DLFCN_H 1
| #define LT_OBJDIR ".libs/"
| #define XGPU_NSTATION 32
| #define XGPU_NFREQUENCY 50
| #define XGPU_NTIME 40
| #define HAVE_LIBPTHREAD 1
| #define HAVE_LIBRT 1
| #define HAVE_NETDB_H 1
| #define HAVE_STDINT_H 1
| #define HAVE_STDLIB_H 1
| #define HAVE_STRING_H 1
| #define HAVE_SYS_SOCKET_H 1
| #define HAVE_SYS_TIME_H 1
| #define HAVE_UNISTD_H 1
| /* end confdefs.h.  */
| #include <stdio.h>
| #ifdef HAVE_SYS_TYPES_H
| # include <sys/types.h>
| #endif
| #ifdef HAVE_SYS_STAT_H
| # include <sys/stat.h>
| #endif
| #ifdef STDC_HEADERS
| # include <stdlib.h>
| # include <stddef.h>
| #else
| # ifdef HAVE_STDLIB_H
| #  include <stdlib.h>
| # endif
| #endif
| #ifdef HAVE_STRING_H
| # if !defined STDC_HEADERS && defined HAVE_MEMORY_H
| #  include <memory.h>
| # endif
| # include <string.h>
| #endif
| #ifdef HAVE_STRINGS_H
| # include <strings.h>
| #endif
| #ifdef HAVE_INTTYPES_H
| # include <inttypes.h>
| #endif
| #ifdef HAVE_STDINT_H
| # include <stdint.h>
| #endif
| #ifdef HAVE_UNISTD_H
| # include <unistd.h>
| #endif
| #include <zlib.h>
configure:11918: result: no
configure:11918: checking zlib.h presence
configure:11918: gcc -E  conftest.c
conftest.c:35:18: error: zlib.h: No such file or directory
configure:11918: $? = 1
configure: failed program was:
| /* confdefs.h */
| #define PACKAGE_NAME "FULL-PACKAGE-NAME"
| #define PACKAGE_TARNAME "full-package-name"
| #define PACKAGE_VERSION "VERSION"
| #define PACKAGE_STRING "FULL-PACKAGE-NAME VERSION"
| #define PACKAGE_BUGREPORT "BUG-REPORT-ADDRESS"
| #define PACKAGE_URL ""
| #define PACKAGE "full-package-name"
| #define VERSION "VERSION"
| #define STDC_HEADERS 1
| #define HAVE_SYS_TYPES_H 1
| #define HAVE_SYS_STAT_H 1
| #define HAVE_STDLIB_H 1
| #define HAVE_STRING_H 1
| #define HAVE_MEMORY_H 1
| #define HAVE_STRINGS_H 1
| #define HAVE_INTTYPES_H 1
| #define HAVE_STDINT_H 1
| #define HAVE_UNISTD_H 1
| #define HAVE_DLFCN_H 1
| #define LT_OBJDIR ".libs/"
| #define XGPU_NSTATION 32
| #define XGPU_NFREQUENCY 50
| #define XGPU_NTIME 40
| #define HAVE_LIBPTHREAD 1
| #define HAVE_LIBRT 1
| #define HAVE_NETDB_H 1
| #define HAVE_STDINT_H 1
| #define HAVE_STDLIB_H 1
| #define HAVE_STRING_H 1
| #define HAVE_SYS_SOCKET_H 1
| #define HAVE_SYS_TIME_H 1
| #define HAVE_UNISTD_H 1
| /* end confdefs.h.  */
| #include <zlib.h>
configure:11918: result: no
configure:11918: checking for zlib.h
configure:11918: result: no
configure:11930: checking for inline
configure:11946: gcc -c -g -O2  conftest.c >&5
configure:11946: $? = 0
configure:11954: result: inline
configure:11972: checking for int32_t
configure:11972: gcc -c -g -O2  conftest.c >&5
configure:11972: $? = 0
configure:11972: gcc -c -g -O2  conftest.c >&5
conftest.c: In function 'main':
conftest.c:73: warning: integer overflow in expression
conftest.c:73: error: size of array 'test_array' is negative
configure:11972: $? = 1
configure: failed program was:
| /* confdefs.h */
| #define PACKAGE_NAME "FULL-PACKAGE-NAME"
| #define PACKAGE_TARNAME "full-package-name"
| #define PACKAGE_VERSION "VERSION"
| #define PACKAGE_STRING "FULL-PACKAGE-NAME VERSION"
| #define PACKAGE_BUGREPORT "BUG-REPORT-ADDRESS"
| #define PACKAGE_URL ""
| #define PACKAGE "full-package-name"
| #define VERSION "VERSION"
| #define STDC_HEADERS 1
| #define HAVE_SYS_TYPES_H 1
| #define HAVE_SYS_STAT_H 1
| #define HAVE_STDLIB_H 1
| #define HAVE_STRING_H 1
| #define HAVE_MEMORY_H 1
| #define HAVE_STRINGS_H 1
| #define HAVE_INTTYPES_H 1
| #define HAVE_STDINT_H 1
| #define HAVE_UNISTD_H 1
| #define HAVE_DLFCN_H 1
| #define LT_OBJDIR ".libs/"
| #define XGPU_NSTATION 32
| #define XGPU_NFREQUENCY 50
| #define XGPU_NTIME 40
| #define HAVE_LIBPTHREAD 1
| #define HAVE_LIBRT 1
| #define HAVE_NETDB_H 1
| #define HAVE_STDINT_H 1
| #define HAVE_STDLIB_H 1
| #define HAVE_STRING_H 1
| #define HAVE_SYS_SOCKET_H 1
| #define HAVE_SYS_TIME_H 1
| #define HAVE_UNISTD_H 1
| /* end confdefs.h.  */
| #include <stdio.h>
| #ifdef HAVE_SYS_TYPES_H
| # include <sys/types.h>
| #endif
| #ifdef HAVE_SYS_STAT_H
| # include <sys/stat.h>
| #endif
| #ifdef STDC_HEADERS
| # include <stdlib.h>
| # include <stddef.h>
| #else
| # ifdef HAVE_STDLIB_H
| #  include <stdlib.h>
| # endif
| #endif
| #ifdef HAVE_STRING_H
| # if !defined STDC_HEADERS && defined HAVE_MEMORY_H
| #  include <memory.h>
| # endif
| # include <string.h>
| #endif
| #ifdef HAVE_STRINGS_H
| # include <strings.h>
| #endif
| #ifdef HAVE_INTTYPES_H
| # include <inttypes.h>
| #endif
| #ifdef HAVE_STDINT_H
| # include <stdint.h>
| #endif
| #ifdef HAVE_UNISTD_H
| # include <unistd.h>
| #endif
| 	        enum { N = 32 / 2 - 1 };
| int
| main ()
| {
| static int test_array [1 - 2 * !((int32_t) (((((int32_t) 1 << N) << N) - 1) * 2 + 1)
| 		 < (int32_t) (((((int32_t) 1 << N) << N) - 1) * 2 + 2))];
| test_array [0] = 0;
| return test_array [0];
| 
|   ;
|   return 0;
| }
configure:11972: result: yes
configure:11983: checking for int64_t
configure:11983: gcc -c -g -O2  conftest.c >&5
configure:11983: $? = 0
configure:11983: gcc -c -g -O2  conftest.c >&5
conftest.c: In function 'main':
conftest.c:73: warning: integer overflow in expression
conftest.c:73: error: size of array 'test_array' is negative
configure:11983: $? = 1
configure: failed program was:
| /* confdefs.h */
| #define PACKAGE_NAME "FULL-PACKAGE-NAME"
| #define PACKAGE_TARNAME "full-package-name"
| #define PACKAGE_VERSION "VERSION"
| #define PACKAGE_STRING "FULL-PACKAGE-NAME VERSION"
| #define PACKAGE_BUGREPORT "BUG-REPORT-ADDRESS"
| #define PACKAGE_URL ""
| #define PACKAGE "full-package-name"
| #define VERSION "VERSION"
| #define STDC_HEADERS 1
| #define HAVE_SYS_TYPES_H 1
| #define HAVE_SYS_STAT_H 1
| #define HAVE_STDLIB_H 1
| #define HAVE_STRING_H 1
| #define HAVE_MEMORY_H 1
| #define HAVE_STRINGS_H 1
| #define HAVE_INTTYPES_H 1
| #define HAVE_STDINT_H 1
| #define HAVE_UNISTD_H 1
| #define HAVE_DLFCN_H 1
| #define LT_OBJDIR ".libs/"
| #define XGPU_NSTATION 32
| #define XGPU_NFREQUENCY 50
| #define XGPU_NTIME 40
| #define HAVE_LIBPTHREAD 1
| #define HAVE_LIBRT 1
| #define HAVE_NETDB_H 1
| #define HAVE_STDINT_H 1
| #define HAVE_STDLIB_H 1
| #define HAVE_STRING_H 1
| #define HAVE_SYS_SOCKET_H 1
| #define HAVE_SYS_TIME_H 1
| #define HAVE_UNISTD_H 1
| /* end confdefs.h.  */
| #include <stdio.h>
| #ifdef HAVE_SYS_TYPES_H
| # include <sys/types.h>
| #endif
| #ifdef HAVE_SYS_STAT_H
| # include <sys/stat.h>
| #endif
| #ifdef STDC_HEADERS
| # include <stdlib.h>
| # include <stddef.h>
| #else
| # ifdef HAVE_STDLIB_H
| #  include <stdlib.h>
| # endif
| #endif
| #ifdef HAVE_STRING_H
| # if !defined STDC_HEADERS && defined HAVE_MEMORY_H
| #  include <memory.h>
| # endif
| # include <string.h>
| #endif
| #ifdef HAVE_STRINGS_H
| # include <strings.h>
| #endif
| #ifdef HAVE_INTTYPES_H
| # include <inttypes.h>
| #endif
| #ifdef HAVE_STDINT_H
| # include <stdint.h>
| #endif
| #ifdef HAVE_UNISTD_H
| # include <unistd.h>
| #endif
| 	        enum { N = 64 / 2 - 1 };
| int
| main ()
| {
| static int test_array [1 - 2 * !((int64_t) (((((int64_t) 1 << N) << N) - 1) * 2 + 1)
| 		 < (int64_t) (((((int64_t) 1 << N) << N) - 1) * 2 + 2))];
| test_array [0] = 0;
| return test_array [0];
| 
|   ;
|   return 0;
| }
configure:11983: result: yes
configure:11994: checking for off_t
configure:11994: gcc -c -g -O2  conftest.c >&5
configure:11994: $? = 0
configure:11994: gcc -c -g -O2  conftest.c >&5
conftest.c: In function 'main':
conftest.c:71: error: expected expression before ')' token
configure:11994: $? = 1
configure: failed program was:
| /* confdefs.h */
| #define PACKAGE_NAME "FULL-PACKAGE-NAME"
| #define PACKAGE_TARNAME "full-package-name"
| #define PACKAGE_VERSION "VERSION"
| #define PACKAGE_STRING "FULL-PACKAGE-NAME VERSION"
| #define PACKAGE_BUGREPORT "BUG-REPORT-ADDRESS"
| #define PACKAGE_URL ""
| #define PACKAGE "full-package-name"
| #define VERSION "VERSION"
| #define STDC_HEADERS 1
| #define HAVE_SYS_TYPES_H 1
| #define HAVE_SYS_STAT_H 1
| #define HAVE_STDLIB_H 1
| #define HAVE_STRING_H 1
| #define HAVE_MEMORY_H 1
| #define HAVE_STRINGS_H 1
| #define HAVE_INTTYPES_H 1
| #define HAVE_STDINT_H 1
| #define HAVE_UNISTD_H 1
| #define HAVE_DLFCN_H 1
| #define LT_OBJDIR ".libs/"
| #define XGPU_NSTATION 32
| #define XGPU_NFREQUENCY 50
| #define XGPU_NTIME 40
| #define HAVE_LIBPTHREAD 1
| #define HAVE_LIBRT 1
| #define HAVE_NETDB_H 1
| #define HAVE_STDINT_H 1
| #define HAVE_STDLIB_H 1
| #define HAVE_STRING_H 1
| #define HAVE_SYS_SOCKET_H 1
| #define HAVE_SYS_TIME_H 1
| #define HAVE_UNISTD_H 1
| /* end confdefs.h.  */
| #include <stdio.h>
| #ifdef HAVE_SYS_TYPES_H
| # include <sys/types.h>
| #endif
| #ifdef HAVE_SYS_STAT_H
| # include <sys/stat.h>
| #endif
| #ifdef STDC_HEADERS
| # include <stdlib.h>
| # include <stddef.h>
| #else
| # ifdef HAVE_STDLIB_H
| #  include <stdlib.h>
| # endif
| #endif
| #ifdef HAVE_STRING_H
| # if !defined STDC_HEADERS && defined HAVE_MEMORY_H
| #  include <memory.h>
| # endif
| # include <string.h>
| #endif
| #ifdef HAVE_STRINGS_H
| # include <strings.h>
| #endif
| #ifdef HAVE_INTTYPES_H
| # include <inttypes.h>
| #endif
| #ifdef HAVE_STDINT_H
| # include <stdint.h>
| #endif
| #ifdef HAVE_UNISTD_H
| # include <unistd.h>
| #endif
| int
| main ()
| {
| if (sizeof ((off_t)))
| 	    return 0;
|   ;
|   return 0;
| }
configure:11994: result: yes
configure:12005: checking for size_t
configure:12005: gcc -c -g -O2  conftest.c >&5
configure:12005: $? = 0
configure:12005: gcc -c -g -O2  conftest.c >&5
conftest.c: In function 'main':
conftest.c:71: error: expected expression before ')' token
configure:12005: $? = 1
configure: failed program was:
| /* confdefs.h */
| #define PACKAGE_NAME "FULL-PACKAGE-NAME"
| #define PACKAGE_TARNAME "full-package-name"
| #define PACKAGE_VERSION "VERSION"
| #define PACKAGE_STRING "FULL-PACKAGE-NAME VERSION"
| #define PACKAGE_BUGREPORT "BUG-REPORT-ADDRESS"
| #define PACKAGE_URL ""
| #define PACKAGE "full-package-name"
| #define VERSION "VERSION"
| #define STDC_HEADERS 1
| #define HAVE_SYS_TYPES_H 1
| #define HAVE_SYS_STAT_H 1
| #define HAVE_STDLIB_H 1
| #define HAVE_STRING_H 1
| #define HAVE_MEMORY_H 1
| #define HAVE_STRINGS_H 1
| #define HAVE_INTTYPES_H 1
| #define HAVE_STDINT_H 1
| #define HAVE_UNISTD_H 1
| #define HAVE_DLFCN_H 1
| #define LT_OBJDIR ".libs/"
| #define XGPU_NSTATION 32
| #define XGPU_NFREQUENCY 50
| #define XGPU_NTIME 40
| #define HAVE_LIBPTHREAD 1
| #define HAVE_LIBRT 1
| #define HAVE_NETDB_H 1
| #define HAVE_STDINT_H 1
| #define HAVE_STDLIB_H 1
| #define HAVE_STRING_H 1
| #define HAVE_SYS_SOCKET_H 1
| #define HAVE_SYS_TIME_H 1
| #define HAVE_UNISTD_H 1
| /* end confdefs.h.  */
| #include <stdio.h>
| #ifdef HAVE_SYS_TYPES_H
| # include <sys/types.h>
| #endif
| #ifdef HAVE_SYS_STAT_H
| # include <sys/stat.h>
| #endif
| #ifdef STDC_HEADERS
| # include <stdlib.h>
| # include <stddef.h>
| #else
| # ifdef HAVE_STDLIB_H
| #  include <stdlib.h>
| # endif
| #endif
| #ifdef HAVE_STRING_H
| # if !defined STDC_HEADERS && defined HAVE_MEMORY_H
| #  include <memory.h>
| # endif
| # include <string.h>
| #endif
| #ifdef HAVE_STRINGS_H
| # include <strings.h>
| #endif
| #ifdef HAVE_INTTYPES_H
| # include <inttypes.h>
| #endif
| #ifdef HAVE_STDINT_H
| # include <stdint.h>
| #endif
| #ifdef HAVE_UNISTD_H
| # include <unistd.h>
| #endif
| int
| main ()
| {
| if (sizeof ((size_t)))
| 	    return 0;
|   ;
|   return 0;
| }
configure:12005: result: yes
configure:12016: checking for uint32_t
configure:12016: gcc -c -g -O2  conftest.c >&5
configure:12016: $? = 0
configure:12016: result: yes
configure:12030: checking for uint64_t
configure:12030: gcc -c -g -O2  conftest.c >&5
configure:12030: $? = 0
configure:12030: result: yes
configure:12044: checking for uint8_t
configure:12044: gcc -c -g -O2  conftest.c >&5
configure:12044: $? = 0
configure:12044: result: yes
configure:12062: checking for stdlib.h
configure:12062: result: yes
configure:12072: checking for GNU libc compatible malloc
configure:12096: gcc -o conftest -g -O2   conftest.c -lrt -lpthread  >&5
configure:12096: $? = 0
configure:12096: ./conftest
configure:12096: $? = 0
configure:12106: result: yes
configure:12130: checking for clock_gettime
configure:12130: gcc -o conftest -g -O2   conftest.c -lrt -lpthread  >&5
configure:12130: $? = 0
configure:12130: result: yes
configure:12130: checking for memset
configure:12130: gcc -o conftest -g -O2   conftest.c -lrt -lpthread  >&5
conftest.c:61: warning: conflicting types for built-in function 'memset'
configure:12130: $? = 0
configure:12130: result: yes
configure:12130: checking for socket
configure:12130: gcc -o conftest -g -O2   conftest.c -lrt -lpthread  >&5
configure:12130: $? = 0
configure:12130: result: yes
configure:12130: checking for crc32
configure:12130: gcc -o conftest -g -O2   conftest.c -lrt -lpthread  >&5
/tmp/ccv87O1A.o: In function `main':
/home/rablack/FLAG/flag_gpu/standalone/total_power/src/conftest.c:74: undefined reference to `crc32'
collect2: ld returned 1 exit status
configure:12130: $? = 1
configure: failed program was:
| /* confdefs.h */
| #define PACKAGE_NAME "FULL-PACKAGE-NAME"
| #define PACKAGE_TARNAME "full-package-name"
| #define PACKAGE_VERSION "VERSION"
| #define PACKAGE_STRING "FULL-PACKAGE-NAME VERSION"
| #define PACKAGE_BUGREPORT "BUG-REPORT-ADDRESS"
| #define PACKAGE_URL ""
| #define PACKAGE "full-package-name"
| #define VERSION "VERSION"
| #define STDC_HEADERS 1
| #define HAVE_SYS_TYPES_H 1
| #define HAVE_SYS_STAT_H 1
| #define HAVE_STDLIB_H 1
| #define HAVE_STRING_H 1
| #define HAVE_MEMORY_H 1
| #define HAVE_STRINGS_H 1
| #define HAVE_INTTYPES_H 1
| #define HAVE_STDINT_H 1
| #define HAVE_UNISTD_H 1
| #define HAVE_DLFCN_H 1
| #define LT_OBJDIR ".libs/"
| #define XGPU_NSTATION 32
| #define XGPU_NFREQUENCY 50
| #define XGPU_NTIME 40
| #define HAVE_LIBPTHREAD 1
| #define HAVE_LIBRT 1
| #define HAVE_NETDB_H 1
| #define HAVE_STDINT_H 1
| #define HAVE_STDLIB_H 1
| #define HAVE_STRING_H 1
| #define HAVE_SYS_SOCKET_H 1
| #define HAVE_SYS_TIME_H 1
| #define HAVE_UNISTD_H 1
| #define HAVE_STDLIB_H 1
| #define HAVE_MALLOC 1
| #define HAVE_CLOCK_GETTIME 1
| #define HAVE_MEMSET 1
| #define HAVE_SOCKET 1
| /* end confdefs.h.  */
| /* Define crc32 to an innocuous variant, in case <limits.h> declares crc32.
|    For example, HP-UX 11i <limits.h> declares gettimeofday.  */
| #define crc32 innocuous_crc32
| 
| /* System header to define __stub macros and hopefully few prototypes,
|     which can conflict with char crc32 (); below.
|     Prefer <limits.h> to <assert.h> if __STDC__ is defined, since
|     <limits.h> exists even on freestanding compilers.  */
| 
| #ifdef __STDC__
| # include <limits.h>
| #else
| # include <assert.h>
| #endif
| 
| #undef crc32
| 
| /* Override any GCC internal prototype to avoid an error.
|    Use char because int might match the return type of a GCC
|    builtin and then its argument prototype would still apply.  */
| #ifdef __cplusplus
| extern "C"
| #endif
| char crc32 ();
| /* The GNU C library defines this for functions which it implements
|     to always fail with ENOSYS.  Some functions are actually named
|     something starting with __ and the normal name is an alias.  */
| #if defined __stub_crc32 || defined __stub___crc32
| choke me
| #endif
| 
| int
| main ()
| {
| return crc32 ();
|   ;
|   return 0;
| }
configure:12130: result: no
configure:12276: creating ./config.status

## ---------------------- ##
## Running config.status. ##
## ---------------------- ##

This file was extended by FULL-PACKAGE-NAME config.status VERSION, which was
generated by GNU Autoconf 2.69.  Invocation command line was

  CONFIG_FILES    = 
  CONFIG_HEADERS  = 
  CONFIG_LINKS    = 
  CONFIG_COMMANDS = 
  $ ./config.status 

on flag5

config.status:1085: creating Makefile
config.status:1085: creating config.h
config.status:1266: config.h is unchanged
config.status:1314: executing depfiles commands
config.status:1314: executing libtool commands

## ---------------- ##
## Cache variables. ##
## ---------------- ##

ac_cv_build=x86_64-unknown-linux-gnu
ac_cv_c_compiler_gnu=yes
ac_cv_c_inline=inline
ac_cv_c_int32_t=yes
ac_cv_c_int64_t=yes
ac_cv_c_uint32_t=yes
ac_cv_c_uint64_t=yes
ac_cv_c_uint8_t=yes
ac_cv_env_CC_set=
ac_cv_env_CC_value=
ac_cv_env_CFLAGS_set=
ac_cv_env_CFLAGS_value=
ac_cv_env_CPPFLAGS_set=
ac_cv_env_CPPFLAGS_value=
ac_cv_env_CPP_set=
ac_cv_env_CPP_value=
ac_cv_env_LDFLAGS_set=
ac_cv_env_LDFLAGS_value=
ac_cv_env_LIBS_set=
ac_cv_env_LIBS_value=
ac_cv_env_build_alias_set=
ac_cv_env_build_alias_value=
ac_cv_env_host_alias_set=
ac_cv_env_host_alias_value=
ac_cv_env_target_alias_set=
ac_cv_env_target_alias_value=
ac_cv_file__usr_local_bin_xgpuinfo=yes
ac_cv_file__usr_local_include_hashpipe_h=yes
ac_cv_file__usr_local_include_total_power_h=yes
ac_cv_file__usr_local_include_xgpu_h=yes
ac_cv_func_clock_gettime=yes
ac_cv_func_crc32=no
ac_cv_func_malloc_0_nonnull=yes
ac_cv_func_memset=yes
ac_cv_func_socket=yes
ac_cv_header_dlfcn_h=yes
ac_cv_header_inttypes_h=yes
ac_cv_header_memory_h=yes
ac_cv_header_netdb_h=yes
ac_cv_header_stdc=yes
ac_cv_header_stdint_h=yes
ac_cv_header_stdlib_h=yes
ac_cv_header_string_h=yes
ac_cv_header_strings_h=yes
ac_cv_header_sys_socket_h=yes
ac_cv_header_sys_stat_h=yes
ac_cv_header_sys_time_h=yes
ac_cv_header_sys_types_h=yes
ac_cv_header_unistd_h=yes
ac_cv_header_zlib_h=no
ac_cv_host=x86_64-unknown-linux-gnu
ac_cv_lib_hashpipe_hashpipe_databuf_create=yes
ac_cv_lib_pthread_pthread_create=yes
ac_cv_lib_rt_clock_gettime=yes
ac_cv_lib_xgpu_xgpuInfo=yes
ac_cv_lib_z_crc32=no
ac_cv_objext=o
ac_cv_path_EGREP='/bin/grep -E'
ac_cv_path_FGREP='/bin/grep -F'
ac_cv_path_GREP=/bin/grep
ac_cv_path_SED=/bin/sed
ac_cv_path_install='/usr/bin/install -c'
ac_cv_path_mkdir=/bin/mkdir
ac_cv_prog_AWK=gawk
ac_cv_prog_CPP='gcc -E'
ac_cv_prog_ac_ct_AR=ar
ac_cv_prog_ac_ct_CC=gcc
ac_cv_prog_ac_ct_OBJDUMP=objdump
ac_cv_prog_ac_ct_RANLIB=ranlib
ac_cv_prog_ac_ct_STRIP=strip
ac_cv_prog_cc_c89=
ac_cv_prog_cc_g=yes
ac_cv_prog_make_make_set=yes
ac_cv_type_off_t=yes
ac_cv_type_size_t=yes
am_cv_CC_dependencies_compiler_type=gcc3
lt_cv_deplibs_check_method=pass_all
lt_cv_file_magic_cmd='$MAGIC_CMD'
lt_cv_file_magic_test_file=
lt_cv_ld_reload_flag=-r
lt_cv_nm_interface='BSD nm'
lt_cv_objdir=.libs
lt_cv_path_LD=/usr/bin/ld
lt_cv_path_NM='/usr/bin/nm -B'
lt_cv_prog_compiler_c_o=yes
lt_cv_prog_compiler_pic_works=yes
lt_cv_prog_compiler_rtti_exceptions=no
lt_cv_prog_compiler_static_works=no
lt_cv_prog_gnu_ld=yes
lt_cv_sys_global_symbol_pipe='sed -n -e '\''s/^.*[	 ]\([ABCDGIRSTW][ABCDGIRSTW]*\)[	 ][	 ]*\([_A-Za-z][_A-Za-z0-9]*\)$/\1 \2 \2/p'\'''
lt_cv_sys_global_symbol_to_c_name_address='sed -n -e '\''s/^: \([^ ]*\) $/  {\"\1\", (void *) 0},/p'\'' -e '\''s/^[ABCDGIRSTW]* \([^ ]*\) \([^ ]*\)$/  {"\2", (void *) \&\2},/p'\'''
lt_cv_sys_global_symbol_to_c_name_address_lib_prefix='sed -n -e '\''s/^: \([^ ]*\) $/  {\"\1\", (void *) 0},/p'\'' -e '\''s/^[ABCDGIRSTW]* \([^ ]*\) \(lib[^ ]*\)$/  {"\2", (void *) \&\2},/p'\'' -e '\''s/^[ABCDGIRSTW]* \([^ ]*\) \([^ ]*\)$/  {"lib\2", (void *) \&\2},/p'\'''
lt_cv_sys_global_symbol_to_cdecl='sed -n -e '\''s/^T .* \(.*\)$/extern int \1();/p'\'' -e '\''s/^[ABCDGIRSTW]* .* \(.*\)$/extern char \1;/p'\'''
lt_cv_sys_max_cmd_len=1966080

## ----------------- ##
## Output variables. ##
## ----------------- ##

ACLOCAL='${SHELL} /home/rablack/FLAG/flag_gpu/standalone/total_power/src/missing --run aclocal-1.11'
AMDEPBACKSLASH='\'
AMDEP_FALSE='#'
AMDEP_TRUE=''
AMTAR='${SHELL} /home/rablack/FLAG/flag_gpu/standalone/total_power/src/missing --run tar'
AM_BACKSLASH='\'
AM_DEFAULT_VERBOSITY='0'
AR='ar'
AUTOCONF='${SHELL} /home/rablack/FLAG/flag_gpu/standalone/total_power/src/missing --run autoconf'
AUTOHEADER='${SHELL} /home/rablack/FLAG/flag_gpu/standalone/total_power/src/missing --run autoheader'
AUTOMAKE='${SHELL} /home/rablack/FLAG/flag_gpu/standalone/total_power/src/missing --run automake-1.11'
AWK='gawk'
CC='gcc'
CCDEPMODE='depmode=gcc3'
CFLAGS='-g -O2'
CPP='gcc -E'
CPPFLAGS=''
CYGPATH_W='echo'
DEFS='-DHAVE_CONFIG_H'
DEPDIR='.deps'
DSYMUTIL=''
DUMPBIN=''
ECHO_C=''
ECHO_N='-n'
ECHO_T=''
EGREP='/bin/grep -E'
EXEEXT=''
FGREP='/bin/grep -F'
FLAGPOW_INCDIR='/usr/local/include'
FLAGPOW_LIBDIR='/lib'
GREP='/bin/grep'
HASHPIPE_INCDIR='/usr/local/include'
HASHPIPE_LIBDIR='/usr/local/lib'
INSTALL_DATA='${INSTALL} -m 644'
INSTALL_PROGRAM='${INSTALL}'
INSTALL_SCRIPT='${INSTALL}'
INSTALL_STRIP_PROGRAM='$(install_sh) -c -s'
LD='/usr/bin/ld -m elf_x86_64'
LDFLAGS=''
LIBOBJS=''
LIBS='-lrt -lpthread '
LIBTOOL='$(SHELL) $(top_builddir)/libtool'
LIPO=''
LN_S='ln -s'
LTLIBOBJS=''
MAKEINFO='${SHELL} /home/rablack/FLAG/flag_gpu/standalone/total_power/src/missing --run makeinfo'
MKDIR_P='/bin/mkdir -p'
NM='/usr/bin/nm -B'
NMEDIT=''
OBJDUMP='objdump'
OBJEXT='o'
OTOOL64=''
OTOOL=''
PACKAGE='full-package-name'
PACKAGE_BUGREPORT='BUG-REPORT-ADDRESS'
PACKAGE_NAME='FULL-PACKAGE-NAME'
PACKAGE_STRING='FULL-PACKAGE-NAME VERSION'
PACKAGE_TARNAME='full-package-name'
PACKAGE_URL=''
PACKAGE_VERSION='VERSION'
PATH_SEPARATOR=':'
RANLIB='ranlib'
SED='/bin/sed'
SET_MAKE=''
SHELL='/bin/sh'
STRIP='strip'
VERSION='VERSION'
XGPU_BINDIR='/usr/local/bin'
XGPU_INCDIR='/usr/local/include'
XGPU_LIBDIR='/usr/local/lib'
ac_ct_CC='gcc'
ac_ct_DUMPBIN=''
am__EXEEXT_FALSE=''
am__EXEEXT_TRUE='#'
am__fastdepCC_FALSE='#'
am__fastdepCC_TRUE=''
am__include='include'
am__isrc=''
am__leading_dot='.'
am__quote=''
am__tar='${AMTAR} chof - "$$tardir"'
am__untar='${AMTAR} xf -'
bindir='${exec_prefix}/bin'
build='x86_64-unknown-linux-gnu'
build_alias=''
build_cpu='x86_64'
build_os='linux-gnu'
build_vendor='unknown'
datadir='${datarootdir}'
datarootdir='${prefix}/share'
docdir='${datarootdir}/doc/${PACKAGE_TARNAME}'
dvidir='${docdir}'
exec_prefix='${prefix}'
host='x86_64-unknown-linux-gnu'
host_alias=''
host_cpu='x86_64'
host_os='linux-gnu'
host_vendor='unknown'
htmldir='${docdir}'
includedir='${prefix}/include'
infodir='${datarootdir}/info'
install_sh='${SHELL} /home/rablack/FLAG/flag_gpu/standalone/total_power/src/install-sh'
libdir='${exec_prefix}/lib'
libexecdir='${exec_prefix}/libexec'
localedir='${datarootdir}/locale'
localstatedir='${prefix}/var'
lt_ECHO='echo'
mandir='${datarootdir}/man'
mkdir_p='/bin/mkdir -p'
oldincludedir='/usr/include'
pdfdir='${docdir}'
prefix='/usr/local'
program_transform_name='s,x,x,'
psdir='${docdir}'
sbindir='${exec_prefix}/sbin'
sharedstatedir='${prefix}/com'
sysconfdir='${prefix}/etc'
target_alias=''

## ----------- ##
## confdefs.h. ##
## ----------- ##

/* confdefs.h */
#define PACKAGE_NAME "FULL-PACKAGE-NAME"
#define PACKAGE_TARNAME "full-package-name"
#define PACKAGE_VERSION "VERSION"
#define PACKAGE_STRING "FULL-PACKAGE-NAME VERSION"
#define PACKAGE_BUGREPORT "BUG-REPORT-ADDRESS"
#define PACKAGE_URL ""
#define PACKAGE "full-package-name"
#define VERSION "VERSION"
#define STDC_HEADERS 1
#define HAVE_SYS_TYPES_H 1
#define HAVE_SYS_STAT_H 1
#define HAVE_STDLIB_H 1
#define HAVE_STRING_H 1
#define HAVE_MEMORY_H 1
#define HAVE_STRINGS_H 1
#define HAVE_INTTYPES_H 1
#define HAVE_STDINT_H 1
#define HAVE_UNISTD_H 1
#define HAVE_DLFCN_H 1
#define LT_OBJDIR ".libs/"
#define XGPU_NSTATION 32
#define XGPU_NFREQUENCY 50
#define XGPU_NTIME 40
#define HAVE_LIBPTHREAD 1
#define HAVE_LIBRT 1
#define HAVE_NETDB_H 1
#define HAVE_STDINT_H 1
#define HAVE_STDLIB_H 1
#define HAVE_STRING_H 1
#define HAVE_SYS_SOCKET_H 1
#define HAVE_SYS_TIME_H 1
#define HAVE_UNISTD_H 1
#define HAVE_STDLIB_H 1
#define HAVE_MALLOC 1
#define HAVE_CLOCK_GETTIME 1
#define HAVE_MEMSET 1
#define HAVE_SOCKET 1

configure: exit 0
